30-10-2021 16:56:10.401 [Gauge] [INFO] Watching directory: C:\Users\testinium\IdeaProjects\Yagmur_Ozdilekteyim\specs
30-10-2021 16:56:10.402 [Gauge] [INFO] Initializing concepts cache with 0 concepts
30-10-2021 16:56:10.404 [Gauge] [DEBUG] Found 1 files
30-10-2021 16:56:10.420 [Gauge] [INFO] Initializing specs cache with 1 specs
30-10-2021 16:56:10.420 [Gauge] [DEBUG] Adding specs from C:\Users\testinium\IdeaProjects\Yagmur_Ozdilekteyim\specs\example.spec
30-10-2021 16:56:10.420 [Gauge] [INFO] Initializing steps cache with 1 steps
30-10-2021 16:56:10.421 [Gauge] [INFO] Gauge daemon initialized and listening on port: 50502
30-10-2021 16:56:10.791 [Gauge] [DEBUG] Api Request Received: messageType:GetLanguagePluginLibPathRequest messageId:5 libPathRequest:<language:"java" > 
30-10-2021 16:56:10.799 [Gauge] [DEBUG] Sending API response: messageType:GetLanguagePluginLibPathResponse messageId:5 libPathResponse:<path:"C:\\Users\\testinium\\AppData\\Roaming\\gauge\\plugins\\java\\0.7.3\\libs" > 
30-10-2021 16:57:19.535 [Gauge] [INFO] Watching directory: C:\Users\testinium\IdeaProjects\Yagmur_Ozdilekteyim\specs
30-10-2021 16:57:19.537 [Gauge] [DEBUG] Found 1 files
30-10-2021 16:57:19.540 [Gauge] [INFO] Initializing concepts cache with 0 concepts
30-10-2021 16:57:19.542 [Gauge] [INFO] Initializing specs cache with 1 specs
30-10-2021 16:57:19.542 [Gauge] [DEBUG] Adding specs from C:\Users\testinium\IdeaProjects\Yagmur_Ozdilekteyim\specs\example.spec
30-10-2021 16:57:19.542 [Gauge] [INFO] Initializing steps cache with 1 steps
30-10-2021 16:57:19.542 [Gauge] [INFO] Gauge daemon initialized and listening on port: 50779
30-10-2021 16:59:05.642 [Gauge] [DEBUG] Api Request Received: messageType:GetStepValueRequest messageId:4 stepValueRequest:<stepText:"Go to Gauge Get Started Page" > 
30-10-2021 16:59:05.651 [Gauge] [DEBUG] Sending API response: messageType:GetStepValueResponse messageId:4 stepValueResponse:<stepValue:<stepValue:"Go to Gauge Get Started Page" parameterizedStepValue:"Go to Gauge Get Started Page" > > 
30-10-2021 16:59:05.702 [Gauge] [DEBUG] Api Request Received: messageType:GetStepValueRequest messageId:4 stepValueRequest:<stepText:"Ensure installation instructions are available" > 
30-10-2021 16:59:05.703 [Gauge] [DEBUG] Sending API response: messageType:GetStepValueResponse messageId:4 stepValueResponse:<stepValue:<stepValue:"Ensure installation instructions are available" parameterizedStepValue:"Ensure installation instructions are available" > > 
30-10-2021 16:59:05.741 [Gauge] [DEBUG] Api Request Received: messageType:GetStepValueRequest messageId:4 stepValueRequest:<stepText:"Open the Gauge homepage" > 
30-10-2021 16:59:05.741 [Gauge] [DEBUG] Sending API response: messageType:GetStepValueResponse messageId:4 stepValueResponse:<stepValue:<stepValue:"Open the Gauge homepage" parameterizedStepValue:"Open the Gauge homepage" > > 
30-10-2021 17:10:54.295 [Gauge] [INFO] Watching directory: C:\Users\testinium\IdeaProjects\Yagmur_Ozdilekteyim\specs
30-10-2021 17:10:54.295 [Gauge] [DEBUG] Found 1 files
30-10-2021 17:10:54.358 [Gauge] [INFO] Initializing concepts cache with 0 concepts
30-10-2021 17:10:54.359 [Gauge] [INFO] Initializing specs cache with 1 specs
30-10-2021 17:10:54.359 [Gauge] [DEBUG] Adding specs from C:\Users\testinium\IdeaProjects\Yagmur_Ozdilekteyim\specs\example.spec
30-10-2021 17:10:54.359 [Gauge] [INFO] Initializing steps cache with 1 steps
30-10-2021 17:10:54.359 [Gauge] [INFO] Gauge daemon initialized and listening on port: 51128
30-10-2021 17:11:00.162 [Gauge] [DEBUG] Api Request Received: messageType:GetStepValueRequest messageId:4 stepValueRequest:<stepText:"<time> saniye bekle" > 
30-10-2021 17:11:00.162 [Gauge] [DEBUG] Sending API response: messageType:GetStepValueResponse messageId:4 stepValueResponse:<stepValue:<stepValue:"{} saniye bekle" parameterizedStepValue:"<time> saniye bekle" parameters:"time" > > 
30-10-2021 17:11:00.233 [Gauge] [DEBUG] Api Request Received: messageType:GetStepValueRequest messageId:4 stepValueRequest:<stepText:"<Key> \304\260d'li elemente t\304\261kla" > 
30-10-2021 17:11:00.233 [Gauge] [DEBUG] Sending API response: messageType:GetStepValueResponse messageId:4 stepValueResponse:<stepValue:<stepValue:"{} \304\260d'li elemente t\304\261kla" parameterizedStepValue:"<Key> \304\260d'li elemente t\304\261kla" parameters:"Key" > > 
30-10-2021 17:11:00.630 [Gauge] [DEBUG] Api Request Received: messageType:GetStepValueRequest messageId:4 stepValueRequest:<stepText:"<Key> xpath'li elemente t\304\261kla" > 
30-10-2021 17:11:00.630 [Gauge] [DEBUG] Sending API response: messageType:GetStepValueResponse messageId:4 stepValueResponse:<stepValue:<stepValue:"{} xpath'li elemente t\304\261kla" parameterizedStepValue:"<Key> xpath'li elemente t\304\261kla" parameters:"Key" > > 
30-10-2021 17:11:00.836 [Gauge] [DEBUG] Api Request Received: messageType:GetStepValueRequest messageId:4 stepValueRequest:<stepText:"Sepete ekle" > 
30-10-2021 17:11:00.837 [Gauge] [DEBUG] Sending API response: messageType:GetStepValueResponse messageId:4 stepValueResponse:<stepValue:<stepValue:"Sepete ekle" parameterizedStepValue:"Sepete ekle" > > 
30-10-2021 17:11:00.951 [Gauge] [DEBUG] Api Request Received: messageType:GetStepValueRequest messageId:4 stepValueRequest:<stepText:"Open the Gauge homepage" > 
30-10-2021 17:11:00.951 [Gauge] [DEBUG] Sending API response: messageType:GetStepValueResponse messageId:4 stepValueResponse:<stepValue:<stepValue:"Open the Gauge homepage" parameterizedStepValue:"Open the Gauge homepage" > > 
30-10-2021 17:11:00.951 [Gauge] [DEBUG] Api Request Received: messageType:GetStepValueRequest messageId:4 stepValueRequest:<stepText:"Go to Gauge Get Started Page" > 
30-10-2021 17:11:00.952 [Gauge] [DEBUG] Sending API response: messageType:GetStepValueResponse messageId:4 stepValueResponse:<stepValue:<stepValue:"Go to Gauge Get Started Page" parameterizedStepValue:"Go to Gauge Get Started Page" > > 
30-10-2021 17:11:00.952 [Gauge] [DEBUG] Api Request Received: messageType:GetStepValueRequest messageId:4 stepValueRequest:<stepText:"Ensure installation instructions are available" > 
30-10-2021 17:11:00.952 [Gauge] [DEBUG] Sending API response: messageType:GetStepValueResponse messageId:4 stepValueResponse:<stepValue:<stepValue:"Ensure installation instructions are available" parameterizedStepValue:"Ensure installation instructions are available" > > 
30-10-2021 17:11:00.986 [Gauge] [DEBUG] Api Request Received: messageType:GetStepValueRequest messageId:4 stepValueRequest:<stepText:"<Key> \304\260d'li elemente <keywordc> de\304\237erini yaz" > 
30-10-2021 17:11:00.987 [Gauge] [DEBUG] Sending API response: messageType:GetStepValueResponse messageId:4 stepValueResponse:<stepValue:<stepValue:"{} \304\260d'li elemente {} de\304\237erini yaz" parameterizedStepValue:"<Key> \304\260d'li elemente <keywordc> de\304\237erini yaz" parameters:"Key" parameters:"keywordc" > > 
30-10-2021 17:11:00.999 [Gauge] [DEBUG] Api Request Received: messageType:GetStepValueRequest messageId:4 stepValueRequest:<stepText:"sayfa boyunca scroll et" > 
30-10-2021 17:11:00.999 [Gauge] [DEBUG] Sending API response: messageType:GetStepValueResponse messageId:4 stepValueResponse:<stepValue:<stepValue:"sayfa boyunca scroll et" parameterizedStepValue:"sayfa boyunca scroll et" > > 
30-10-2021 17:11:01.017 [Gauge] [DEBUG] Api Request Received: messageType:GetStepValueRequest messageId:4 stepValueRequest:<stepText:"<Key> xpath'te bulunan sayfada g\303\266r\303\274nen t\303\274m \303\274r\303\274nleri bul ve rastgele bir \303\274r\303\274ne t\304\261kla" > 
30-10-2021 17:11:01.017 [Gauge] [DEBUG] Sending API response: messageType:GetStepValueResponse messageId:4 stepValueResponse:<stepValue:<stepValue:"{} xpath'te bulunan sayfada g\303\266r\303\274nen t\303\274m \303\274r\303\274nleri bul ve rastgele bir \303\274r\303\274ne t\304\261kla" parameterizedStepValue:"<Key> xpath'te bulunan sayfada g\303\266r\303\274nen t\303\274m \303\274r\303\274nleri bul ve rastgele bir \303\274r\303\274ne t\304\261kla" parameters:"Key" > > 
30-10-2021 17:21:11.980 [Gauge] [INFO] Watching directory: C:\Users\testinium\IdeaProjects\Yagmur_Ozdilekteyim\specs
30-10-2021 17:21:11.982 [Gauge] [DEBUG] Found 1 files
30-10-2021 17:21:11.984 [Gauge] [INFO] Initializing concepts cache with 0 concepts
30-10-2021 17:21:11.986 [Gauge] [INFO] Initializing specs cache with 1 specs
30-10-2021 17:21:11.986 [Gauge] [DEBUG] Adding specs from C:\Users\testinium\IdeaProjects\Yagmur_Ozdilekteyim\specs\example.spec
30-10-2021 17:21:11.986 [Gauge] [INFO] Initializing steps cache with 1 steps
30-10-2021 17:21:11.986 [Gauge] [INFO] Gauge daemon initialized and listening on port: 51495
30-10-2021 17:21:12.889 [Gauge] [DEBUG] Api Request Received: messageType:GetStepValueRequest messageId:4 stepValueRequest:<stepText:"Open the Gauge homepage" > 
30-10-2021 17:21:12.889 [Gauge] [DEBUG] Sending API response: messageType:GetStepValueResponse messageId:4 stepValueResponse:<stepValue:<stepValue:"Open the Gauge homepage" parameterizedStepValue:"Open the Gauge homepage" > > 
30-10-2021 17:21:12.890 [Gauge] [DEBUG] Api Request Received: messageType:GetStepValueRequest messageId:4 stepValueRequest:<stepText:"Go to Gauge Get Started Page" > 
30-10-2021 17:21:12.890 [Gauge] [DEBUG] Sending API response: messageType:GetStepValueResponse messageId:4 stepValueResponse:<stepValue:<stepValue:"Go to Gauge Get Started Page" parameterizedStepValue:"Go to Gauge Get Started Page" > > 
30-10-2021 17:21:12.890 [Gauge] [DEBUG] Api Request Received: messageType:GetStepValueRequest messageId:4 stepValueRequest:<stepText:"Ensure installation instructions are available" > 
30-10-2021 17:21:12.890 [Gauge] [DEBUG] Sending API response: messageType:GetStepValueResponse messageId:4 stepValueResponse:<stepValue:<stepValue:"Ensure installation instructions are available" parameterizedStepValue:"Ensure installation instructions are available" > > 
30-10-2021 17:23:16.512 [Gauge] [INFO] Spec file added / modified: C:\Users\testinium\IdeaProjects\Yagmur_Ozdilekteyim\specs\steps.spec
30-10-2021 17:23:16.564 [Gauge] [INFO] Spec file added / modified: C:\Users\testinium\IdeaProjects\Yagmur_Ozdilekteyim\specs\steps.spec
30-10-2021 17:23:16.585 [Gauge] [INFO] Spec file added / modified: C:\Users\testinium\IdeaProjects\Yagmur_Ozdilekteyim\specs\steps.spec
30-10-2021 17:23:23.539 [Gauge] [INFO] Spec file removed: C:\Users\testinium\IdeaProjects\Yagmur_Ozdilekteyim\specs\example.spec
30-10-2021 17:23:37.178 [Gauge] [INFO] Spec file added / modified: C:\Users\testinium\IdeaProjects\Yagmur_Ozdilekteyim\specs\steps.spec
30-10-2021 17:23:37.182 [Gauge] [INFO] Spec file added / modified: C:\Users\testinium\IdeaProjects\Yagmur_Ozdilekteyim\specs\steps.spec
30-10-2021 17:23:48.848 [Gauge] [INFO] Spec file added / modified: C:\Users\testinium\IdeaProjects\Yagmur_Ozdilekteyim\specs\mainScenario.spec
30-10-2021 17:23:48.865 [Gauge] [INFO] Spec file added / modified: C:\Users\testinium\IdeaProjects\Yagmur_Ozdilekteyim\specs\mainScenario.spec
30-10-2021 17:23:48.870 [Gauge] [INFO] Spec file added / modified: C:\Users\testinium\IdeaProjects\Yagmur_Ozdilekteyim\specs\mainScenario.spec
30-10-2021 17:24:11.383 [Gauge] [INFO] Spec file added / modified: C:\Users\testinium\IdeaProjects\Yagmur_Ozdilekteyim\specs\mainScenario.spec
30-10-2021 17:24:11.385 [Gauge] [INFO] Spec file added / modified: C:\Users\testinium\IdeaProjects\Yagmur_Ozdilekteyim\specs\mainScenario.spec
30-10-2021 17:24:18.262 [Gauge] [INFO] Spec file added / modified: C:\Users\testinium\IdeaProjects\Yagmur_Ozdilekteyim\specs\mainScenario.spec
30-10-2021 17:24:18.319 [Gauge] [INFO] Spec file added / modified: C:\Users\testinium\IdeaProjects\Yagmur_Ozdilekteyim\specs\mainScenario.spec
30-10-2021 17:26:34.007 [Gauge] [INFO] Watching directory: C:\Users\testinium\IdeaProjects\Yagmur_Ozdilekteyim\specs
30-10-2021 17:26:34.008 [Gauge] [DEBUG] Found 2 files
30-10-2021 17:26:34.010 [Gauge] [INFO] Initializing concepts cache with 0 concepts
30-10-2021 17:26:34.012 [Gauge] [INFO] Initializing specs cache with 2 specs
30-10-2021 17:26:34.012 [Gauge] [DEBUG] Adding specs from C:\Users\testinium\IdeaProjects\Yagmur_Ozdilekteyim\specs\mainScenario.spec
30-10-2021 17:26:34.012 [Gauge] [DEBUG] Adding specs from C:\Users\testinium\IdeaProjects\Yagmur_Ozdilekteyim\specs\steps.spec
30-10-2021 17:26:34.012 [Gauge] [INFO] Initializing steps cache with 2 steps
30-10-2021 17:26:34.012 [Gauge] [INFO] Gauge daemon initialized and listening on port: 51648
30-10-2021 17:26:54.068 [Gauge] [DEBUG] Api Request Received: messageType:GetStepValueRequest messageId:4 stepValueRequest:<stepText:"<time> saniye bekle" > 
30-10-2021 17:26:54.069 [Gauge] [DEBUG] Sending API response: messageType:GetStepValueResponse messageId:4 stepValueResponse:<stepValue:<stepValue:"{} saniye bekle" parameterizedStepValue:"<time> saniye bekle" parameters:"time" > > 
30-10-2021 17:26:54.105 [Gauge] [DEBUG] Api Request Received: messageType:GetStepValueRequest messageId:4 stepValueRequest:<stepText:"<Key> \304\260d'li elemente t\304\261kla" > 
30-10-2021 17:26:54.105 [Gauge] [DEBUG] Sending API response: messageType:GetStepValueResponse messageId:4 stepValueResponse:<stepValue:<stepValue:"{} \304\260d'li elemente t\304\261kla" parameterizedStepValue:"<Key> \304\260d'li elemente t\304\261kla" parameters:"Key" > > 
30-10-2021 17:26:54.440 [Gauge] [DEBUG] Api Request Received: messageType:GetStepValueRequest messageId:4 stepValueRequest:<stepText:"<Key> xpath'li elemente t\304\261kla" > 
30-10-2021 17:26:54.440 [Gauge] [DEBUG] Sending API response: messageType:GetStepValueResponse messageId:4 stepValueResponse:<stepValue:<stepValue:"{} xpath'li elemente t\304\261kla" parameterizedStepValue:"<Key> xpath'li elemente t\304\261kla" parameters:"Key" > > 
30-10-2021 17:26:54.640 [Gauge] [DEBUG] Api Request Received: messageType:GetStepValueRequest messageId:4 stepValueRequest:<stepText:"Sepete ekle" > 
30-10-2021 17:26:54.640 [Gauge] [DEBUG] Sending API response: messageType:GetStepValueResponse messageId:4 stepValueResponse:<stepValue:<stepValue:"Sepete ekle" parameterizedStepValue:"Sepete ekle" > > 
30-10-2021 17:26:55.538 [Gauge] [DEBUG] Api Request Received: messageType:GetStepValueRequest messageId:4 stepValueRequest:<stepText:"\"2\" saniye bekle" > 
30-10-2021 17:26:55.538 [Gauge] [DEBUG] Sending API response: messageType:GetStepValueResponse messageId:4 stepValueResponse:<stepValue:<stepValue:"{} saniye bekle" parameterizedStepValue:"<2> saniye bekle" parameters:"2" > > 
30-10-2021 17:26:55.539 [Gauge] [DEBUG] Api Request Received: messageType:GetStepValueRequest messageId:4 stepValueRequest:<stepText:"A\303\247\304\261l\304\261\305\237 Sayfas\304\261 Kontrol" > 
30-10-2021 17:26:55.539 [Gauge] [DEBUG] Sending API response: messageType:GetStepValueResponse messageId:4 stepValueResponse:<stepValue:<stepValue:"A\303\247\304\261l\304\261\305\237 Sayfas\304\261 Kontrol" parameterizedStepValue:"A\303\247\304\261l\304\261\305\237 Sayfas\304\261 Kontrol" > > 
30-10-2021 17:26:55.539 [Gauge] [DEBUG] Api Request Received: messageType:GetStepValueRequest messageId:4 stepValueRequest:<stepText:"\"com.ozdilek.ozdilekteyim:id/tv_startShoppingStore\" \304\260d'li elemente t\304\261kla" > 
30-10-2021 17:26:55.539 [Gauge] [DEBUG] Sending API response: messageType:GetStepValueResponse messageId:4 stepValueResponse:<stepValue:<stepValue:"{} \304\260d'li elemente t\304\261kla" parameterizedStepValue:"<com.ozdilek.ozdilekteyim:id/tv_startShoppingStore> \304\260d'li elemente t\304\261kla" parameters:"com.ozdilek.ozdilekteyim:id/tv_startShoppingStore" > > 
30-10-2021 17:26:55.539 [Gauge] [DEBUG] Api Request Received: messageType:GetStepValueRequest messageId:4 stepValueRequest:<stepText:"\"1\" saniye bekle" > 
30-10-2021 17:26:55.539 [Gauge] [DEBUG] Sending API response: messageType:GetStepValueResponse messageId:4 stepValueResponse:<stepValue:<stepValue:"{} saniye bekle" parameterizedStepValue:"<1> saniye bekle" parameters:"1" > > 
30-10-2021 17:26:55.539 [Gauge] [DEBUG] Api Request Received: messageType:GetStepValueRequest messageId:4 stepValueRequest:<stepText:"Al\304\261\305\237veri\305\237 Sayfas\304\261 Do\304\237rula" > 
30-10-2021 17:26:55.539 [Gauge] [DEBUG] Sending API response: messageType:GetStepValueResponse messageId:4 stepValueResponse:<stepValue:<stepValue:"Al\304\261\305\237veri\305\237 Sayfas\304\261 Do\304\237rula" parameterizedStepValue:"Al\304\261\305\237veri\305\237 Sayfas\304\261 Do\304\237rula" > > 
30-10-2021 17:26:55.540 [Gauge] [DEBUG] Api Request Received: messageType:GetStepValueRequest messageId:4 stepValueRequest:<stepText:"\"com.ozdilek.ozdilekteyim:id/nav_categories\" \304\260d'li elemente t\304\261kla" > 
30-10-2021 17:26:55.540 [Gauge] [DEBUG] Sending API response: messageType:GetStepValueResponse messageId:4 stepValueResponse:<stepValue:<stepValue:"{} \304\260d'li elemente t\304\261kla" parameterizedStepValue:"<com.ozdilek.ozdilekteyim:id/nav_categories> \304\260d'li elemente t\304\261kla" parameters:"com.ozdilek.ozdilekteyim:id/nav_categories" > > 
30-10-2021 17:26:55.540 [Gauge] [DEBUG] Api Request Received: messageType:GetStepValueRequest messageId:4 stepValueRequest:<stepText:"Kategori Sayfas\304\261 Kontrol" > 
30-10-2021 17:26:55.540 [Gauge] [DEBUG] Sending API response: messageType:GetStepValueResponse messageId:4 stepValueResponse:<stepValue:<stepValue:"Kategori Sayfas\304\261 Kontrol" parameterizedStepValue:"Kategori Sayfas\304\261 Kontrol" > > 
30-10-2021 17:26:55.555 [Gauge] [DEBUG] Api Request Received: messageType:GetStepValueRequest messageId:4 stepValueRequest:<stepText:"<Key> \304\260d'li elemente <keywordc> de\304\237erini yaz" > 
30-10-2021 17:26:55.555 [Gauge] [DEBUG] Sending API response: messageType:GetStepValueResponse messageId:4 stepValueResponse:<stepValue:<stepValue:"{} \304\260d'li elemente {} de\304\237erini yaz" parameterizedStepValue:"<Key> \304\260d'li elemente <keywordc> de\304\237erini yaz" parameters:"Key" parameters:"keywordc" > > 
30-10-2021 17:26:55.578 [Gauge] [DEBUG] Api Request Received: messageType:GetStepValueRequest messageId:4 stepValueRequest:<stepText:"sayfa boyunca scroll et" > 
30-10-2021 17:26:55.578 [Gauge] [DEBUG] Sending API response: messageType:GetStepValueResponse messageId:4 stepValueResponse:<stepValue:<stepValue:"sayfa boyunca scroll et" parameterizedStepValue:"sayfa boyunca scroll et" > > 
30-10-2021 17:26:55.593 [Gauge] [DEBUG] Api Request Received: messageType:GetStepValueRequest messageId:4 stepValueRequest:<stepText:"<Key> xpath'te bulunan sayfada g\303\266r\303\274nen t\303\274m \303\274r\303\274nleri bul ve rastgele bir \303\274r\303\274ne t\304\261kla" > 
30-10-2021 17:26:55.593 [Gauge] [DEBUG] Sending API response: messageType:GetStepValueResponse messageId:4 stepValueResponse:<stepValue:<stepValue:"{} xpath'te bulunan sayfada g\303\266r\303\274nen t\303\274m \303\274r\303\274nleri bul ve rastgele bir \303\274r\303\274ne t\304\261kla" parameterizedStepValue:"<Key> xpath'te bulunan sayfada g\303\266r\303\274nen t\303\274m \303\274r\303\274nleri bul ve rastgele bir \303\274r\303\274ne t\304\261kla" parameters:"Key" > > 
30-10-2021 17:55:22.878 [Gauge] [DEBUG] Api Request Received: messageType:GetStepValueRequest messageId:4 stepValueRequest:<stepText:"Login page do\304\237rulama" > 
30-10-2021 17:55:22.879 [Gauge] [DEBUG] Sending API response: messageType:GetStepValueResponse messageId:4 stepValueResponse:<stepValue:<stepValue:"Login page do\304\237rulama" parameterizedStepValue:"Login page do\304\237rulama" > > 
30-10-2021 17:55:47.603 [Gauge] [DEBUG] Api Request Received: messageType:GetStepValueRequest messageId:4 stepValueRequest:<stepText:"Product detail sayfas\304\261 do\304\237rulama" > 
30-10-2021 17:55:47.604 [Gauge] [DEBUG] Sending API response: messageType:GetStepValueResponse messageId:4 stepValueResponse:<stepValue:<stepValue:"Product detail sayfas\304\261 do\304\237rulama" parameterizedStepValue:"Product detail sayfas\304\261 do\304\237rulama" > > 
30-10-2021 17:58:10.598 [Gauge] [INFO] Watching directory: C:\Users\testinium\IdeaProjects\Yagmur_Ozdilekteyim\specs
30-10-2021 17:58:10.600 [Gauge] [INFO] Initializing concepts cache with 0 concepts
30-10-2021 17:58:10.605 [Gauge] [DEBUG] Found 2 files
30-10-2021 17:58:10.613 [Gauge] [INFO] Initializing specs cache with 2 specs
30-10-2021 17:58:10.613 [Gauge] [DEBUG] Adding specs from C:\Users\testinium\IdeaProjects\Yagmur_Ozdilekteyim\specs\mainScenario.spec
30-10-2021 17:58:10.613 [Gauge] [DEBUG] Adding specs from C:\Users\testinium\IdeaProjects\Yagmur_Ozdilekteyim\specs\steps.spec
30-10-2021 17:58:10.613 [Gauge] [INFO] Initializing steps cache with 2 steps
30-10-2021 17:58:10.613 [Gauge] [INFO] Gauge daemon initialized and listening on port: 52247
30-10-2021 17:58:38.085 [Gauge] [DEBUG] Api Request Received: messageType:GetStepValueRequest messageId:4 stepValueRequest:<stepText:"Login page do\304\237rulama" > 
30-10-2021 17:58:38.085 [Gauge] [DEBUG] Sending API response: messageType:GetStepValueResponse messageId:4 stepValueResponse:<stepValue:<stepValue:"Login page do\304\237rulama" parameterizedStepValue:"Login page do\304\237rulama" > > 
30-10-2021 17:58:38.159 [Gauge] [DEBUG] Api Request Received: messageType:GetStepValueRequest messageId:4 stepValueRequest:<stepText:"\"2\" saniye bekle" > 
30-10-2021 17:58:38.160 [Gauge] [DEBUG] Sending API response: messageType:GetStepValueResponse messageId:4 stepValueResponse:<stepValue:<stepValue:"{} saniye bekle" parameterizedStepValue:"<2> saniye bekle" parameters:"2" > > 
30-10-2021 17:58:38.162 [Gauge] [DEBUG] Api Request Received: messageType:GetStepValueRequest messageId:4 stepValueRequest:<stepText:"A\303\247\304\261l\304\261\305\237 Sayfas\304\261 Kontrol" > 
30-10-2021 17:58:38.162 [Gauge] [DEBUG] Sending API response: messageType:GetStepValueResponse messageId:4 stepValueResponse:<stepValue:<stepValue:"A\303\247\304\261l\304\261\305\237 Sayfas\304\261 Kontrol" parameterizedStepValue:"A\303\247\304\261l\304\261\305\237 Sayfas\304\261 Kontrol" > > 
30-10-2021 17:58:38.162 [Gauge] [DEBUG] Api Request Received: messageType:GetStepValueRequest messageId:4 stepValueRequest:<stepText:"\"com.ozdilek.ozdilekteyim:id/tv_startShoppingStore\" \304\260d'li elemente t\304\261kla" > 
30-10-2021 17:58:38.162 [Gauge] [DEBUG] Sending API response: messageType:GetStepValueResponse messageId:4 stepValueResponse:<stepValue:<stepValue:"{} \304\260d'li elemente t\304\261kla" parameterizedStepValue:"<com.ozdilek.ozdilekteyim:id/tv_startShoppingStore> \304\260d'li elemente t\304\261kla" parameters:"com.ozdilek.ozdilekteyim:id/tv_startShoppingStore" > > 
30-10-2021 17:58:38.163 [Gauge] [DEBUG] Api Request Received: messageType:GetStepValueRequest messageId:4 stepValueRequest:<stepText:"\"1\" saniye bekle" > 
30-10-2021 17:58:38.163 [Gauge] [DEBUG] Sending API response: messageType:GetStepValueResponse messageId:4 stepValueResponse:<stepValue:<stepValue:"{} saniye bekle" parameterizedStepValue:"<1> saniye bekle" parameters:"1" > > 
30-10-2021 17:58:38.163 [Gauge] [DEBUG] Api Request Received: messageType:GetStepValueRequest messageId:4 stepValueRequest:<stepText:"Al\304\261\305\237veri\305\237 Sayfas\304\261 Do\304\237rula" > 
30-10-2021 17:58:38.163 [Gauge] [DEBUG] Sending API response: messageType:GetStepValueResponse messageId:4 stepValueResponse:<stepValue:<stepValue:"Al\304\261\305\237veri\305\237 Sayfas\304\261 Do\304\237rula" parameterizedStepValue:"Al\304\261\305\237veri\305\237 Sayfas\304\261 Do\304\237rula" > > 
30-10-2021 17:58:38.163 [Gauge] [DEBUG] Api Request Received: messageType:GetStepValueRequest messageId:4 stepValueRequest:<stepText:"\"com.ozdilek.ozdilekteyim:id/nav_categories\" \304\260d'li elemente t\304\261kla" > 
30-10-2021 17:58:38.163 [Gauge] [DEBUG] Sending API response: messageType:GetStepValueResponse messageId:4 stepValueResponse:<stepValue:<stepValue:"{} \304\260d'li elemente t\304\261kla" parameterizedStepValue:"<com.ozdilek.ozdilekteyim:id/nav_categories> \304\260d'li elemente t\304\261kla" parameters:"com.ozdilek.ozdilekteyim:id/nav_categories" > > 
30-10-2021 17:58:38.163 [Gauge] [DEBUG] Api Request Received: messageType:GetStepValueRequest messageId:4 stepValueRequest:<stepText:"Kategori Sayfas\304\261 Kontrol" > 
30-10-2021 17:58:38.163 [Gauge] [DEBUG] Sending API response: messageType:GetStepValueResponse messageId:4 stepValueResponse:<stepValue:<stepValue:"Kategori Sayfas\304\261 Kontrol" parameterizedStepValue:"Kategori Sayfas\304\261 Kontrol" > > 
30-10-2021 18:00:56.761 [Gauge] [DEBUG] Api Request Received: messageType:GetStepValueRequest messageId:4 stepValueRequest:<stepText:"Product detail sayfas\304\261 do\304\237rulama" > 
30-10-2021 18:00:56.761 [Gauge] [DEBUG] Sending API response: messageType:GetStepValueResponse messageId:4 stepValueResponse:<stepValue:<stepValue:"Product detail sayfas\304\261 do\304\237rulama" parameterizedStepValue:"Product detail sayfas\304\261 do\304\237rulama" > > 
30-10-2021 18:12:51.054 [Gauge] [DEBUG] Api Request Received: messageType:GetStepValueRequest messageId:4 stepValueRequest:<stepText:"<time> saniye bekle" > 
30-10-2021 18:12:51.057 [Gauge] [DEBUG] Sending API response: messageType:GetStepValueResponse messageId:4 stepValueResponse:<stepValue:<stepValue:"{} saniye bekle" parameterizedStepValue:"<time> saniye bekle" parameters:"time" > > 
30-10-2021 18:12:51.082 [Gauge] [DEBUG] Api Request Received: messageType:GetStepValueRequest messageId:4 stepValueRequest:<stepText:"<Key> \304\260d'li elemente t\304\261kla" > 
30-10-2021 18:12:51.082 [Gauge] [DEBUG] Sending API response: messageType:GetStepValueResponse messageId:4 stepValueResponse:<stepValue:<stepValue:"{} \304\260d'li elemente t\304\261kla" parameterizedStepValue:"<Key> \304\260d'li elemente t\304\261kla" parameters:"Key" > > 
30-10-2021 18:12:51.094 [Gauge] [DEBUG] Api Request Received: messageType:GetStepValueRequest messageId:4 stepValueRequest:<stepText:"<Key> \304\260d'li elemente <keywordc> de\304\237erini yaz" > 
30-10-2021 18:12:51.094 [Gauge] [DEBUG] Sending API response: messageType:GetStepValueResponse messageId:4 stepValueResponse:<stepValue:<stepValue:"{} \304\260d'li elemente {} de\304\237erini yaz" parameterizedStepValue:"<Key> \304\260d'li elemente <keywordc> de\304\237erini yaz" parameters:"Key" parameters:"keywordc" > > 
30-10-2021 18:12:51.110 [Gauge] [DEBUG] Api Request Received: messageType:GetStepValueRequest messageId:4 stepValueRequest:<stepText:"<Key> xpath'li elemente t\304\261kla" > 
30-10-2021 18:12:51.112 [Gauge] [DEBUG] Sending API response: messageType:GetStepValueResponse messageId:4 stepValueResponse:<stepValue:<stepValue:"{} xpath'li elemente t\304\261kla" parameterizedStepValue:"<Key> xpath'li elemente t\304\261kla" parameters:"Key" > > 
30-10-2021 18:12:51.135 [Gauge] [DEBUG] Api Request Received: messageType:GetStepValueRequest messageId:4 stepValueRequest:<stepText:"sayfa boyunca scroll et" > 
30-10-2021 18:12:51.135 [Gauge] [DEBUG] Sending API response: messageType:GetStepValueResponse messageId:4 stepValueResponse:<stepValue:<stepValue:"sayfa boyunca scroll et" parameterizedStepValue:"sayfa boyunca scroll et" > > 
30-10-2021 18:12:51.146 [Gauge] [DEBUG] Api Request Received: messageType:GetStepValueRequest messageId:4 stepValueRequest:<stepText:"<Key> xpath'te bulunan sayfada g\303\266r\303\274nen t\303\274m \303\274r\303\274nleri bul ve rastgele bir \303\274r\303\274ne t\304\261kla" > 
30-10-2021 18:12:51.146 [Gauge] [DEBUG] Sending API response: messageType:GetStepValueResponse messageId:4 stepValueResponse:<stepValue:<stepValue:"{} xpath'te bulunan sayfada g\303\266r\303\274nen t\303\274m \303\274r\303\274nleri bul ve rastgele bir \303\274r\303\274ne t\304\261kla" parameterizedStepValue:"<Key> xpath'te bulunan sayfada g\303\266r\303\274nen t\303\274m \303\274r\303\274nleri bul ve rastgele bir \303\274r\303\274ne t\304\261kla" parameters:"Key" > > 
30-10-2021 18:12:51.153 [Gauge] [DEBUG] Api Request Received: messageType:GetStepValueRequest messageId:4 stepValueRequest:<stepText:"Sepete ekle" > 
30-10-2021 18:12:51.153 [Gauge] [DEBUG] Sending API response: messageType:GetStepValueResponse messageId:4 stepValueResponse:<stepValue:<stepValue:"Sepete ekle" parameterizedStepValue:"Sepete ekle" > > 
30-10-2021 18:15:57.734 [Gauge] [INFO] Spec file added / modified: C:\Users\testinium\IdeaProjects\Yagmur_Ozdilekteyim\specs\mainScenario.spec
30-10-2021 18:15:57.764 [Gauge] [INFO] Spec file added / modified: C:\Users\testinium\IdeaProjects\Yagmur_Ozdilekteyim\specs\mainScenario.spec
30-10-2021 18:16:12.131 [Gauge] [INFO] Spec file added / modified: C:\Users\testinium\IdeaProjects\Yagmur_Ozdilekteyim\specs\mainScenario.spec
30-10-2021 18:16:12.144 [Gauge] [INFO] Spec file added / modified: C:\Users\testinium\IdeaProjects\Yagmur_Ozdilekteyim\specs\mainScenario.spec
30-10-2021 18:21:26.320 [Gauge] [INFO] Spec file added / modified: C:\Users\testinium\IdeaProjects\Yagmur_Ozdilekteyim\specs\mainScenario.spec
30-10-2021 18:21:26.342 [Gauge] [INFO] Spec file added / modified: C:\Users\testinium\IdeaProjects\Yagmur_Ozdilekteyim\specs\mainScenario.spec
30-10-2021 18:21:26.971 [Gauge] [DEBUG] Api Request Received: messageType:GetStepValueRequest messageId:4 stepValueRequest:<stepText:"Al\304\261\305\237veri\305\237e Ba\305\237la" > 
30-10-2021 18:21:26.972 [Gauge] [DEBUG] Sending API response: messageType:GetStepValueResponse messageId:4 stepValueResponse:<stepValue:<stepValue:"Al\304\261\305\237veri\305\237e Ba\305\237la" parameterizedStepValue:"Al\304\261\305\237veri\305\237e Ba\305\237la" > > 
30-10-2021 18:21:28.191 [Gauge] [DEBUG] Api Request Received: messageType:GetStepValueRequest messageId:4 stepValueRequest:<stepText:"Kad\304\261n kategorisinde pantolon sayfas\304\261na git" > 
30-10-2021 18:21:28.191 [Gauge] [DEBUG] Sending API response: messageType:GetStepValueResponse messageId:4 stepValueResponse:<stepValue:<stepValue:"Kad\304\261n kategorisinde pantolon sayfas\304\261na git" parameterizedStepValue:"Kad\304\261n kategorisinde pantolon sayfas\304\261na git" > > 
30-10-2021 18:21:28.231 [Gauge] [DEBUG] Api Request Received: messageType:GetStepValueRequest messageId:4 stepValueRequest:<stepText:"\304\260ki defa scroll et ve rastgele bir \303\274r\303\274n se\303\247" > 
30-10-2021 18:21:28.231 [Gauge] [DEBUG] Sending API response: messageType:GetStepValueResponse messageId:4 stepValueResponse:<stepValue:<stepValue:"\304\260ki defa scroll et ve rastgele bir \303\274r\303\274n se\303\247" parameterizedStepValue:"\304\260ki defa scroll et ve rastgele bir \303\274r\303\274n se\303\247" > > 
30-10-2021 18:21:28.261 [Gauge] [DEBUG] Api Request Received: messageType:GetStepValueRequest messageId:4 stepValueRequest:<stepText:"Login sayfas\304\261nda i\305\237lemleri yap" > 
30-10-2021 18:21:28.261 [Gauge] [DEBUG] Sending API response: messageType:GetStepValueResponse messageId:4 stepValueResponse:<stepValue:<stepValue:"Login sayfas\304\261nda i\305\237lemleri yap" parameterizedStepValue:"Login sayfas\304\261nda i\305\237lemleri yap" > > 
30-10-2021 18:21:28.294 [Gauge] [DEBUG] Api Request Received: messageType:GetStepValueRequest messageId:4 stepValueRequest:<stepText:"\304\260ki defa geri git" > 
30-10-2021 18:21:28.294 [Gauge] [DEBUG] Sending API response: messageType:GetStepValueResponse messageId:4 stepValueResponse:<stepValue:<stepValue:"\304\260ki defa geri git" parameterizedStepValue:"\304\260ki defa geri git" > > 
30-10-2021 18:21:28.324 [Gauge] [DEBUG] Api Request Received: messageType:GetStepValueRequest messageId:4 stepValueRequest:<stepText:"Rastgele bir \303\274r\303\274n se\303\247 ve sepete ekle" > 
30-10-2021 18:21:28.324 [Gauge] [DEBUG] Sending API response: messageType:GetStepValueResponse messageId:4 stepValueResponse:<stepValue:<stepValue:"Rastgele bir \303\274r\303\274n se\303\247 ve sepete ekle" parameterizedStepValue:"Rastgele bir \303\274r\303\274n se\303\247 ve sepete ekle" > > 
30-10-2021 18:23:48.661 [Gauge] [INFO] Spec file added / modified: C:\Users\testinium\IdeaProjects\Yagmur_Ozdilekteyim\specs\mainScenario.spec
30-10-2021 18:23:48.699 [Gauge] [INFO] Spec file added / modified: C:\Users\testinium\IdeaProjects\Yagmur_Ozdilekteyim\specs\mainScenario.spec
30-10-2021 18:23:50.169 [Gauge] [INFO] Spec file added / modified: C:\Users\testinium\IdeaProjects\Yagmur_Ozdilekteyim\specs\steps.spec
30-10-2021 18:24:15.732 [Gauge] [INFO] Spec file removed: C:\Users\testinium\IdeaProjects\Yagmur_Ozdilekteyim\specs\steps.spec
30-10-2021 18:24:15.735 [Gauge] [INFO] Concept file added / modified: C:\Users\testinium\IdeaProjects\Yagmur_Ozdilekteyim\specs\steps.cpt
30-10-2021 18:24:16.085 [Gauge] [DEBUG] Api Request Received: messageType:GetStepValueRequest messageId:4 stepValueRequest:<stepText:"\"//android.widget.RelativeLayout[@index=1]\" xpath'li elemente t\304\261kla" > 
30-10-2021 18:24:16.086 [Gauge] [DEBUG] Sending API response: messageType:GetStepValueResponse messageId:4 stepValueResponse:<stepValue:<stepValue:"{} xpath'li elemente t\304\261kla" parameterizedStepValue:"<//android.widget.RelativeLayout[@index=1]> xpath'li elemente t\304\261kla" parameters:"//android.widget.RelativeLayout[@index=1]" > > 
30-10-2021 18:24:16.095 [Gauge] [DEBUG] Api Request Received: messageType:GetStepValueRequest messageId:4 stepValueRequest:<stepText:"\"//android.widget.TextView[@text='Pantolon']\" xpath'li elemente t\304\261kla" > 
30-10-2021 18:24:16.095 [Gauge] [DEBUG] Sending API response: messageType:GetStepValueResponse messageId:4 stepValueResponse:<stepValue:<stepValue:"{} xpath'li elemente t\304\261kla" parameterizedStepValue:"<//android.widget.TextView[@text='Pantolon']> xpath'li elemente t\304\261kla" parameters:"//android.widget.TextView[@text='Pantolon']" > > 
30-10-2021 18:24:16.099 [Gauge] [DEBUG] Api Request Received: messageType:GetStepValueRequest messageId:4 stepValueRequest:<stepText:"\"//android.widget.ImageView[@resource-id='com.ozdilek.ozdilekteyim:id/imageView']\" xpath'te bulunan sayfada g\303\266r\303\274nen t\303\274m \303\274r\303\274nleri bul ve rastgele bir \303\274r\303\274ne t\304\261kla" > 
30-10-2021 18:24:16.100 [Gauge] [DEBUG] Sending API response: messageType:GetStepValueResponse messageId:4 stepValueResponse:<stepValue:<stepValue:"{} xpath'te bulunan sayfada g\303\266r\303\274nen t\303\274m \303\274r\303\274nleri bul ve rastgele bir \303\274r\303\274ne t\304\261kla" parameterizedStepValue:"<//android.widget.ImageView[@resource-id='com.ozdilek.ozdilekteyim:id/imageView']> xpath'te bulunan sayfada g\303\266r\303\274nen t\303\274m \303\274r\303\274nleri bul ve rastgele bir \303\274r\303\274ne t\304\261kla" parameters:"//android.widget.ImageView[@resource-id='com.ozdilek.ozdilekteyim:id/imageView']" > > 
30-10-2021 18:24:16.102 [Gauge] [DEBUG] Api Request Received: messageType:GetStepValueRequest messageId:4 stepValueRequest:<stepText:"\"com.ozdilek.ozdilekteyim:id/imgFav\" \304\260d'li elemente t\304\261kla" > 
30-10-2021 18:24:16.102 [Gauge] [DEBUG] Sending API response: messageType:GetStepValueResponse messageId:4 stepValueResponse:<stepValue:<stepValue:"{} \304\260d'li elemente t\304\261kla" parameterizedStepValue:"<com.ozdilek.ozdilekteyim:id/imgFav> \304\260d'li elemente t\304\261kla" parameters:"com.ozdilek.ozdilekteyim:id/imgFav" > > 
30-10-2021 18:24:16.103 [Gauge] [DEBUG] Api Request Received: messageType:GetStepValueRequest messageId:4 stepValueRequest:<stepText:"\"com.ozdilek.ozdilekteyim:id/etEposta\" \304\260d'li elemente \"text\" de\304\237erini yaz" > 
30-10-2021 18:24:16.104 [Gauge] [DEBUG] Sending API response: messageType:GetStepValueResponse messageId:4 stepValueResponse:<stepValue:<stepValue:"{} \304\260d'li elemente {} de\304\237erini yaz" parameterizedStepValue:"<com.ozdilek.ozdilekteyim:id/etEposta> \304\260d'li elemente <text> de\304\237erini yaz" parameters:"com.ozdilek.ozdilekteyim:id/etEposta" parameters:"text" > > 
30-10-2021 18:24:16.105 [Gauge] [DEBUG] Api Request Received: messageType:GetStepValueRequest messageId:4 stepValueRequest:<stepText:"\"com.ozdilek.ozdilekteyim:id/etPassword\" \304\260d'li elemente \"sifre\" de\304\237erini yaz" > 
30-10-2021 18:24:16.105 [Gauge] [DEBUG] Sending API response: messageType:GetStepValueResponse messageId:4 stepValueResponse:<stepValue:<stepValue:"{} \304\260d'li elemente {} de\304\237erini yaz" parameterizedStepValue:"<com.ozdilek.ozdilekteyim:id/etPassword> \304\260d'li elemente <sifre> de\304\237erini yaz" parameters:"com.ozdilek.ozdilekteyim:id/etPassword" parameters:"sifre" > > 
30-10-2021 18:24:16.106 [Gauge] [DEBUG] Api Request Received: messageType:GetStepValueRequest messageId:4 stepValueRequest:<stepText:"\"com.ozdilek.ozdilekteyim:id/ivBack\" \304\260d'li elemente t\304\261kla" > 
30-10-2021 18:24:16.106 [Gauge] [DEBUG] Sending API response: messageType:GetStepValueResponse messageId:4 stepValueResponse:<stepValue:<stepValue:"{} \304\260d'li elemente t\304\261kla" parameterizedStepValue:"<com.ozdilek.ozdilekteyim:id/ivBack> \304\260d'li elemente t\304\261kla" parameters:"com.ozdilek.ozdilekteyim:id/ivBack" > > 
30-10-2021 18:24:16.109 [Gauge] [DEBUG] Api Request Received: messageType:GetStepValueRequest messageId:4 stepValueRequest:<stepText:"\"3\" saniye bekle" > 
30-10-2021 18:24:16.109 [Gauge] [DEBUG] Sending API response: messageType:GetStepValueResponse messageId:4 stepValueResponse:<stepValue:<stepValue:"{} saniye bekle" parameterizedStepValue:"<3> saniye bekle" parameters:"3" > > 
30-10-2021 18:24:16.187 [Gauge] [DEBUG] Api Request Received: messageType:GetStepValueRequest messageId:4 stepValueRequest:<stepText:" Al\304\261\305\237veri\305\237e Ba\305\237la" > 
30-10-2021 18:24:16.187 [Gauge] [DEBUG] Sending API response: messageType:GetStepValueResponse messageId:4 stepValueResponse:<stepValue:<stepValue:"Al\304\261\305\237veri\305\237e Ba\305\237la" parameterizedStepValue:"Al\304\261\305\237veri\305\237e Ba\305\237la" > > 
30-10-2021 18:24:16.221 [Gauge] [DEBUG] Api Request Received: messageType:GetStepValueRequest messageId:4 stepValueRequest:<stepText:" Kad\304\261n kategorisinde pantolon sayfas\304\261na git" > 
30-10-2021 18:24:16.221 [Gauge] [DEBUG] Sending API response: messageType:GetStepValueResponse messageId:4 stepValueResponse:<stepValue:<stepValue:"Kad\304\261n kategorisinde pantolon sayfas\304\261na git" parameterizedStepValue:"Kad\304\261n kategorisinde pantolon sayfas\304\261na git" > > 
30-10-2021 18:24:16.274 [Gauge] [DEBUG] Api Request Received: messageType:GetStepValueRequest messageId:4 stepValueRequest:<stepText:" \304\260ki defa scroll et ve rastgele bir \303\274r\303\274n se\303\247" > 
30-10-2021 18:24:16.274 [Gauge] [DEBUG] Sending API response: messageType:GetStepValueResponse messageId:4 stepValueResponse:<stepValue:<stepValue:"\304\260ki defa scroll et ve rastgele bir \303\274r\303\274n se\303\247" parameterizedStepValue:"\304\260ki defa scroll et ve rastgele bir \303\274r\303\274n se\303\247" > > 
30-10-2021 18:24:16.320 [Gauge] [DEBUG] Api Request Received: messageType:GetStepValueRequest messageId:4 stepValueRequest:<stepText:" Login sayfas\304\261nda i\305\237lemleri yap" > 
30-10-2021 18:24:16.320 [Gauge] [DEBUG] Sending API response: messageType:GetStepValueResponse messageId:4 stepValueResponse:<stepValue:<stepValue:"Login sayfas\304\261nda i\305\237lemleri yap" parameterizedStepValue:"Login sayfas\304\261nda i\305\237lemleri yap" > > 
30-10-2021 18:24:16.371 [Gauge] [DEBUG] Api Request Received: messageType:GetStepValueRequest messageId:4 stepValueRequest:<stepText:" \304\260ki defa geri git" > 
30-10-2021 18:24:16.371 [Gauge] [DEBUG] Sending API response: messageType:GetStepValueResponse messageId:4 stepValueResponse:<stepValue:<stepValue:"\304\260ki defa geri git" parameterizedStepValue:"\304\260ki defa geri git" > > 
30-10-2021 18:24:16.423 [Gauge] [DEBUG] Api Request Received: messageType:GetStepValueRequest messageId:4 stepValueRequest:<stepText:" Rastgele bir \303\274r\303\274n se\303\247 ve sepete ekle" > 
30-10-2021 18:24:16.423 [Gauge] [DEBUG] Sending API response: messageType:GetStepValueResponse messageId:4 stepValueResponse:<stepValue:<stepValue:"Rastgele bir \303\274r\303\274n se\303\247 ve sepete ekle" parameterizedStepValue:"Rastgele bir \303\274r\303\274n se\303\247 ve sepete ekle" > > 
30-10-2021 18:24:53.102 [Gauge] [DEBUG] Api Request Received: messageType:GetStepValueRequest messageId:4 stepValueRequest:<stepText:"* \"2\" saniye bekle" > 
30-10-2021 18:24:53.104 [Gauge] [DEBUG] Sending API response: messageType:GetStepValueResponse messageId:4 stepValueResponse:<stepValue:<stepValue:"* {} saniye bekle" parameterizedStepValue:"* <2> saniye bekle" parameters:"2" > > 
30-10-2021 18:24:53.105 [Gauge] [DEBUG] Api Request Received: messageType:GetStepValueRequest messageId:4 stepValueRequest:<stepText:"* A\303\247\304\261l\304\261\305\237 Sayfas\304\261 Kontrol" > 
30-10-2021 18:24:53.105 [Gauge] [DEBUG] Sending API response: messageType:GetStepValueResponse messageId:4 stepValueResponse:<stepValue:<stepValue:"* A\303\247\304\261l\304\261\305\237 Sayfas\304\261 Kontrol" parameterizedStepValue:"* A\303\247\304\261l\304\261\305\237 Sayfas\304\261 Kontrol" > > 
30-10-2021 18:24:53.105 [Gauge] [DEBUG] Api Request Received: messageType:GetStepValueRequest messageId:4 stepValueRequest:<stepText:"* \"com.ozdilek.ozdilekteyim:id/tv_startShoppingStore\" \304\260d'li elemente t\304\261kla" > 
30-10-2021 18:24:53.107 [Gauge] [DEBUG] Sending API response: messageType:GetStepValueResponse messageId:4 stepValueResponse:<stepValue:<stepValue:"* {} \304\260d'li elemente t\304\261kla" parameterizedStepValue:"* <com.ozdilek.ozdilekteyim:id/tv_startShoppingStore> \304\260d'li elemente t\304\261kla" parameters:"com.ozdilek.ozdilekteyim:id/tv_startShoppingStore" > > 
30-10-2021 18:24:53.112 [Gauge] [DEBUG] Api Request Received: messageType:GetStepValueRequest messageId:4 stepValueRequest:<stepText:"* \"1\" saniye bekle" > 
30-10-2021 18:24:53.118 [Gauge] [DEBUG] Sending API response: messageType:GetStepValueResponse messageId:4 stepValueResponse:<stepValue:<stepValue:"* {} saniye bekle" parameterizedStepValue:"* <1> saniye bekle" parameters:"1" > > 
30-10-2021 18:24:53.123 [Gauge] [DEBUG] Api Request Received: messageType:GetStepValueRequest messageId:4 stepValueRequest:<stepText:"* Al\304\261\305\237veri\305\237 Sayfas\304\261 Do\304\237rula" > 
30-10-2021 18:24:53.123 [Gauge] [DEBUG] Sending API response: messageType:GetStepValueResponse messageId:4 stepValueResponse:<stepValue:<stepValue:"* Al\304\261\305\237veri\305\237 Sayfas\304\261 Do\304\237rula" parameterizedStepValue:"* Al\304\261\305\237veri\305\237 Sayfas\304\261 Do\304\237rula" > > 
30-10-2021 18:24:53.125 [Gauge] [DEBUG] Api Request Received: messageType:GetStepValueRequest messageId:4 stepValueRequest:<stepText:"* \"com.ozdilek.ozdilekteyim:id/nav_categories\" \304\260d'li elemente t\304\261kla" > 
30-10-2021 18:24:53.125 [Gauge] [DEBUG] Sending API response: messageType:GetStepValueResponse messageId:4 stepValueResponse:<stepValue:<stepValue:"* {} \304\260d'li elemente t\304\261kla" parameterizedStepValue:"* <com.ozdilek.ozdilekteyim:id/nav_categories> \304\260d'li elemente t\304\261kla" parameters:"com.ozdilek.ozdilekteyim:id/nav_categories" > > 
30-10-2021 18:24:53.126 [Gauge] [DEBUG] Api Request Received: messageType:GetStepValueRequest messageId:4 stepValueRequest:<stepText:"* Kategori Sayfas\304\261 Kontrol" > 
30-10-2021 18:24:53.126 [Gauge] [DEBUG] Sending API response: messageType:GetStepValueResponse messageId:4 stepValueResponse:<stepValue:<stepValue:"* Kategori Sayfas\304\261 Kontrol" parameterizedStepValue:"* Kategori Sayfas\304\261 Kontrol" > > 
30-10-2021 18:24:53.126 [Gauge] [DEBUG] Api Request Received: messageType:GetStepValueRequest messageId:4 stepValueRequest:<stepText:"* \"//android.widget.RelativeLayout[@index=1]\" xpath'li elemente t\304\261kla" > 
30-10-2021 18:24:53.127 [Gauge] [DEBUG] Sending API response: messageType:GetStepValueResponse messageId:4 stepValueResponse:<stepValue:<stepValue:"* {} xpath'li elemente t\304\261kla" parameterizedStepValue:"* <//android.widget.RelativeLayout[@index=1]> xpath'li elemente t\304\261kla" parameters:"//android.widget.RelativeLayout[@index=1]" > > 
30-10-2021 18:24:53.127 [Gauge] [DEBUG] Api Request Received: messageType:GetStepValueRequest messageId:4 stepValueRequest:<stepText:"* \"//android.widget.TextView[@text='Pantolon']\" xpath'li elemente t\304\261kla" > 
30-10-2021 18:24:53.127 [Gauge] [DEBUG] Sending API response: messageType:GetStepValueResponse messageId:4 stepValueResponse:<stepValue:<stepValue:"* {} xpath'li elemente t\304\261kla" parameterizedStepValue:"* <//android.widget.TextView[@text='Pantolon']> xpath'li elemente t\304\261kla" parameters:"//android.widget.TextView[@text='Pantolon']" > > 
30-10-2021 18:24:53.127 [Gauge] [DEBUG] Api Request Received: messageType:GetStepValueRequest messageId:4 stepValueRequest:<stepText:"* sayfa boyunca scroll et" > 
30-10-2021 18:24:53.127 [Gauge] [DEBUG] Sending API response: messageType:GetStepValueResponse messageId:4 stepValueResponse:<stepValue:<stepValue:"* sayfa boyunca scroll et" parameterizedStepValue:"* sayfa boyunca scroll et" > > 
30-10-2021 18:24:53.128 [Gauge] [DEBUG] Api Request Received: messageType:GetStepValueRequest messageId:4 stepValueRequest:<stepText:"* \"//android.widget.ImageView[@resource-id='com.ozdilek.ozdilekteyim:id/imageView']\" xpath'te bulunan sayfada g\303\266r\303\274nen t\303\274m \303\274r\303\274nleri bul ve rastgele bir \303\274r\303\274ne t\304\261kla" > 
30-10-2021 18:24:53.128 [Gauge] [DEBUG] Sending API response: messageType:GetStepValueResponse messageId:4 stepValueResponse:<stepValue:<stepValue:"* {} xpath'te bulunan sayfada g\303\266r\303\274nen t\303\274m \303\274r\303\274nleri bul ve rastgele bir \303\274r\303\274ne t\304\261kla" parameterizedStepValue:"* <//android.widget.ImageView[@resource-id='com.ozdilek.ozdilekteyim:id/imageView']> xpath'te bulunan sayfada g\303\266r\303\274nen t\303\274m \303\274r\303\274nleri bul ve rastgele bir \303\274r\303\274ne t\304\261kla" parameters:"//android.widget.ImageView[@resource-id='com.ozdilek.ozdilekteyim:id/imageView']" > > 
30-10-2021 18:24:53.129 [Gauge] [DEBUG] Api Request Received: messageType:GetStepValueRequest messageId:4 stepValueRequest:<stepText:"* Product detail sayfas\304\261 do\304\237rulama" > 
30-10-2021 18:24:53.129 [Gauge] [DEBUG] Sending API response: messageType:GetStepValueResponse messageId:4 stepValueResponse:<stepValue:<stepValue:"* Product detail sayfas\304\261 do\304\237rulama" parameterizedStepValue:"* Product detail sayfas\304\261 do\304\237rulama" > > 
30-10-2021 18:24:53.129 [Gauge] [DEBUG] Api Request Received: messageType:GetStepValueRequest messageId:4 stepValueRequest:<stepText:"* \"com.ozdilek.ozdilekteyim:id/imgFav\" \304\260d'li elemente t\304\261kla" > 
30-10-2021 18:24:53.129 [Gauge] [DEBUG] Sending API response: messageType:GetStepValueResponse messageId:4 stepValueResponse:<stepValue:<stepValue:"* {} \304\260d'li elemente t\304\261kla" parameterizedStepValue:"* <com.ozdilek.ozdilekteyim:id/imgFav> \304\260d'li elemente t\304\261kla" parameters:"com.ozdilek.ozdilekteyim:id/imgFav" > > 
30-10-2021 18:24:53.131 [Gauge] [DEBUG] Api Request Received: messageType:GetStepValueRequest messageId:4 stepValueRequest:<stepText:"* Login page do\304\237rulama" > 
30-10-2021 18:24:53.131 [Gauge] [DEBUG] Sending API response: messageType:GetStepValueResponse messageId:4 stepValueResponse:<stepValue:<stepValue:"* Login page do\304\237rulama" parameterizedStepValue:"* Login page do\304\237rulama" > > 
30-10-2021 18:24:53.132 [Gauge] [DEBUG] Api Request Received: messageType:GetStepValueRequest messageId:4 stepValueRequest:<stepText:"* \"com.ozdilek.ozdilekteyim:id/etEposta\" \304\260d'li elemente \"text\" de\304\237erini yaz" > 
30-10-2021 18:24:53.132 [Gauge] [DEBUG] Sending API response: messageType:GetStepValueResponse messageId:4 stepValueResponse:<stepValue:<stepValue:"* {} \304\260d'li elemente {} de\304\237erini yaz" parameterizedStepValue:"* <com.ozdilek.ozdilekteyim:id/etEposta> \304\260d'li elemente <text> de\304\237erini yaz" parameters:"com.ozdilek.ozdilekteyim:id/etEposta" parameters:"text" > > 
30-10-2021 18:24:53.134 [Gauge] [DEBUG] Api Request Received: messageType:GetStepValueRequest messageId:4 stepValueRequest:<stepText:"* \"com.ozdilek.ozdilekteyim:id/etPassword\" \304\260d'li elemente \"sifre\" de\304\237erini yaz" > 
30-10-2021 18:24:53.134 [Gauge] [DEBUG] Sending API response: messageType:GetStepValueResponse messageId:4 stepValueResponse:<stepValue:<stepValue:"* {} \304\260d'li elemente {} de\304\237erini yaz" parameterizedStepValue:"* <com.ozdilek.ozdilekteyim:id/etPassword> \304\260d'li elemente <sifre> de\304\237erini yaz" parameters:"com.ozdilek.ozdilekteyim:id/etPassword" parameters:"sifre" > > 
30-10-2021 18:24:53.135 [Gauge] [DEBUG] Api Request Received: messageType:GetStepValueRequest messageId:4 stepValueRequest:<stepText:"* \"com.ozdilek.ozdilekteyim:id/ivBack\" \304\260d'li elemente t\304\261kla" > 
30-10-2021 18:24:53.136 [Gauge] [DEBUG] Sending API response: messageType:GetStepValueResponse messageId:4 stepValueResponse:<stepValue:<stepValue:"* {} \304\260d'li elemente t\304\261kla" parameterizedStepValue:"* <com.ozdilek.ozdilekteyim:id/ivBack> \304\260d'li elemente t\304\261kla" parameters:"com.ozdilek.ozdilekteyim:id/ivBack" > > 
30-10-2021 18:24:53.136 [Gauge] [DEBUG] Api Request Received: messageType:GetStepValueRequest messageId:4 stepValueRequest:<stepText:"* Sepete ekle" > 
30-10-2021 18:24:53.136 [Gauge] [DEBUG] Sending API response: messageType:GetStepValueResponse messageId:4 stepValueResponse:<stepValue:<stepValue:"* Sepete ekle" parameterizedStepValue:"* Sepete ekle" > > 
30-10-2021 18:24:53.137 [Gauge] [DEBUG] Api Request Received: messageType:GetStepValueRequest messageId:4 stepValueRequest:<stepText:"* \"3\" saniye bekle" > 
30-10-2021 18:24:53.138 [Gauge] [DEBUG] Sending API response: messageType:GetStepValueResponse messageId:4 stepValueResponse:<stepValue:<stepValue:"* {} saniye bekle" parameterizedStepValue:"* <3> saniye bekle" parameters:"3" > > 
30-10-2021 18:28:04.698 [Gauge] [DEBUG] Api Request Received: messageType:GetStepValueRequest messageId:4 stepValueRequest:<> 
30-10-2021 18:28:04.699 [Gauge] [DEBUG] Sending API response: messageType:GetStepValueResponse messageId:4 stepValueResponse:<stepValue:<> > 
30-10-2021 18:28:04.700 [Gauge] [DEBUG] Api Request Received: messageType:GetStepValueRequest messageId:4 stepValueRequest:<> 
30-10-2021 18:28:04.700 [Gauge] [DEBUG] Sending API response: messageType:GetStepValueResponse messageId:4 stepValueResponse:<stepValue:<> > 
30-10-2021 18:28:04.701 [Gauge] [DEBUG] Api Request Received: messageType:GetStepValueRequest messageId:4 stepValueRequest:<> 
30-10-2021 18:28:04.701 [Gauge] [DEBUG] Sending API response: messageType:GetStepValueResponse messageId:4 stepValueResponse:<stepValue:<> > 
30-10-2021 18:28:04.713 [Gauge] [DEBUG] Api Request Received: messageType:GetStepValueRequest messageId:4 stepValueRequest:<> 
30-10-2021 18:28:04.713 [Gauge] [DEBUG] Sending API response: messageType:GetStepValueResponse messageId:4 stepValueResponse:<stepValue:<> > 
30-10-2021 18:28:04.713 [Gauge] [DEBUG] Api Request Received: messageType:GetStepValueRequest messageId:4 stepValueRequest:<> 
30-10-2021 18:28:04.713 [Gauge] [DEBUG] Sending API response: messageType:GetStepValueResponse messageId:4 stepValueResponse:<stepValue:<> > 
30-10-2021 18:28:04.713 [Gauge] [DEBUG] Api Request Received: messageType:GetStepValueRequest messageId:4 stepValueRequest:<> 
30-10-2021 18:28:04.713 [Gauge] [DEBUG] Sending API response: messageType:GetStepValueResponse messageId:4 stepValueResponse:<stepValue:<> > 
30-10-2021 18:28:04.806 [Gauge] [DEBUG] Api Request Received: messageType:GetStepValueRequest messageId:4 stepValueRequest:<> 
30-10-2021 18:28:04.806 [Gauge] [DEBUG] Sending API response: messageType:GetStepValueResponse messageId:4 stepValueResponse:<stepValue:<> > 
30-10-2021 18:28:04.807 [Gauge] [DEBUG] Api Request Received: messageType:GetStepValueRequest messageId:4 stepValueRequest:<> 
30-10-2021 18:28:04.807 [Gauge] [DEBUG] Sending API response: messageType:GetStepValueResponse messageId:4 stepValueResponse:<stepValue:<> > 
30-10-2021 18:28:04.807 [Gauge] [DEBUG] Api Request Received: messageType:GetStepValueRequest messageId:4 stepValueRequest:<> 
30-10-2021 18:28:04.808 [Gauge] [DEBUG] Sending API response: messageType:GetStepValueResponse messageId:4 stepValueResponse:<stepValue:<> > 
30-10-2021 18:28:04.808 [Gauge] [DEBUG] Api Request Received: messageType:GetStepValueRequest messageId:4 stepValueRequest:<> 
30-10-2021 18:28:04.808 [Gauge] [DEBUG] Sending API response: messageType:GetStepValueResponse messageId:4 stepValueResponse:<stepValue:<> > 
30-10-2021 18:28:04.808 [Gauge] [DEBUG] Api Request Received: messageType:GetStepValueRequest messageId:4 stepValueRequest:<> 
30-10-2021 18:28:04.808 [Gauge] [DEBUG] Sending API response: messageType:GetStepValueResponse messageId:4 stepValueResponse:<stepValue:<> > 
30-10-2021 18:28:04.808 [Gauge] [DEBUG] Api Request Received: messageType:GetStepValueRequest messageId:4 stepValueRequest:<> 
30-10-2021 18:28:04.809 [Gauge] [DEBUG] Sending API response: messageType:GetStepValueResponse messageId:4 stepValueResponse:<stepValue:<> > 
30-10-2021 18:28:04.834 [Gauge] [DEBUG] Api Request Received: messageType:GetStepValueRequest messageId:4 stepValueRequest:<stepText:"a" > 
30-10-2021 18:28:04.834 [Gauge] [DEBUG] Sending API response: messageType:GetStepValueResponse messageId:4 stepValueResponse:<stepValue:<stepValue:"a" parameterizedStepValue:"a" > > 
30-10-2021 18:28:04.854 [Gauge] [DEBUG] Api Request Received: messageType:GetAllStepsRequest messageId:2 allStepsRequest:<> 
30-10-2021 18:28:04.855 [Gauge] [DEBUG] Sending API response: messageType:GetAllStepResponse messageId:2 allStepsResponse:<allSteps:<stepValue:"Al\304\261\305\237veri\305\237e Ba\305\237la" parameterizedStepValue:"Al\304\261\305\237veri\305\237e Ba\305\237la" > allSteps:<stepValue:"Login sayfas\304\261nda i\305\237lemleri yap" parameterizedStepValue:"Login sayfas\304\261nda i\305\237lemleri yap" > allSteps:<stepValue:"{} \304\260d'li elemente t\304\261kla" parameterizedStepValue:"<com.ozdilek.ozdilekteyim:id/ivBack> \304\260d'li elemente t\304\261kla" parameters:"com.ozdilek.ozdilekteyim:id/ivBack" > allSteps:<stepValue:"Kategori Sayfas\304\261 Kontrol" parameterizedStepValue:"Kategori Sayfas\304\261 Kontrol" > allSteps:<stepValue:"{} xpath'te bulunan sayfada g\303\266r\303\274nen t\303\274m \303\274r\303\274nleri bul ve rastgele bir \303\274r\303\274ne t\304\261kla" parameterizedStepValue:"<//android.widget.ImageView[@resource-id='com.ozdilek.ozdilekteyim:id/imageView']> xpath'te bulunan sayfada g\303\266r\303\274nen t\303\274m \303\274r\303\274nleri bul ve rastgele bir \303\274r\303\274ne t\304\261kla" parameters:"//android.widget.ImageView[@resource-id='com.ozdilek.ozdilekteyim:id/imageView']" > allSteps:<stepValue:"Sepete ekle" parameterizedStepValue:"Sepete ekle" > allSteps:<stepValue:"Kad\304\261n kategorisinde pantolon sayfas\304\261na git" parameterizedStepValue:"Kad\304\261n kategorisinde pantolon sayfas\304\261na git" > allSteps:<stepValue:"Al\304\261\305\237veri\305\237 Sayfas\304\261 Do\304\237rula" parameterizedStepValue:"Al\304\261\305\237veri\305\237 Sayfas\304\261 Do\304\237rula" > allSteps:<stepValue:"sayfa boyunca scroll et" parameterizedStepValue:"sayfa boyunca scroll et" > allSteps:<stepValue:"Login page do\304\237rulama" parameterizedStepValue:"Login page do\304\237rulama" > allSteps:<stepValue:"\304\260ki defa scroll et ve rastgele bir \303\274r\303\274n se\303\247" parameterizedStepValue:"\304\260ki defa scroll et ve rastgele bir \303\274r\303\274n se\303\247" > allSteps:<stepValue:"\304\260ki defa geri git" parameterizedStepValue:"\304\260ki defa geri git" > allSteps:<stepValue:"{} saniye bekle" parameterizedStepValue:"<3> saniye bekle" parameters:"3" > allSteps:<stepValue:"Product detail sayfas\304\261 do\304\237rulama" parameterizedStepValue:"Product detail sayfas\304\261 do\304\237rulama" > allSteps:<stepValue:"{} \304\260d'li elemente {} de\304\237erini yaz" parameterizedStepValue:"<com.ozdilek.ozdilekteyim:id/etPassword> \304\260d'li elemente <sifre> de\304\237erini yaz" parameters:"com.ozdilek.ozdilekteyim:id/etPassword" parameters:"sifre" > allSteps:<stepValue:"Rastgele bir \303\274r\303\274n se\303\247 ve sepete ekle" parameterizedStepValue:"Rastgele bir \303\274r\303\274n se\303\247 ve sepete ekle" > allSteps:<stepValue:"A\303\247\304\261l\304\261\305\237 Sayfas\304\261 Kontrol" parameterizedStepValue:"A\303\247\304\261l\304\261\305\237 Sayfas\304\261 Kontrol" > allSteps:<stepValue:"{} xpath'li elemente t\304\261kla" parameterizedStepValue:"<//android.widget.TextView[@text='Pantolon']> xpath'li elemente t\304\261kla" parameters:"//android.widget.TextView[@text='Pantolon']" > > 
30-10-2021 18:28:04.860 [Gauge] [DEBUG] Api Request Received: messageType:GetAllConceptsRequest messageId:6 allConceptsRequest:<> 
30-10-2021 18:28:04.860 [Gauge] [DEBUG] Sending API response: messageType:GetAllConceptsResponse messageId:6 allConceptsResponse:<concepts:<stepValue:<stepValue:"Al\304\261\305\237veri\305\237e Ba\305\237la" parameterizedStepValue:"Al\304\261\305\237veri\305\237e Ba\305\237la" > filepath:"C:\\Users\\testinium\\IdeaProjects\\Yagmur_Ozdilekteyim\\specs\\steps.cpt" lineNumber:4 > concepts:<stepValue:<stepValue:"Kad\304\261n kategorisinde pantolon sayfas\304\261na git" parameterizedStepValue:"Kad\304\261n kategorisinde pantolon sayfas\304\261na git" > filepath:"C:\\Users\\testinium\\IdeaProjects\\Yagmur_Ozdilekteyim\\specs\\steps.cpt" lineNumber:14 > concepts:<stepValue:<stepValue:"\304\260ki defa scroll et ve rastgele bir \303\274r\303\274n se\303\247" parameterizedStepValue:"\304\260ki defa scroll et ve rastgele bir \303\274r\303\274n se\303\247" > filepath:"C:\\Users\\testinium\\IdeaProjects\\Yagmur_Ozdilekteyim\\specs\\steps.cpt" lineNumber:20 > concepts:<stepValue:<stepValue:"Login sayfas\304\261nda i\305\237lemleri yap" parameterizedStepValue:"Login sayfas\304\261nda i\305\237lemleri yap" > filepath:"C:\\Users\\testinium\\IdeaProjects\\Yagmur_Ozdilekteyim\\specs\\steps.cpt" lineNumber:30 > concepts:<stepValue:<stepValue:"\304\260ki defa geri git" parameterizedStepValue:"\304\260ki defa geri git" > filepath:"C:\\Users\\testinium\\IdeaProjects\\Yagmur_Ozdilekteyim\\specs\\steps.cpt" lineNumber:38 > concepts:<stepValue:<stepValue:"Rastgele bir \303\274r\303\274n se\303\247 ve sepete ekle" parameterizedStepValue:"Rastgele bir \303\274r\303\274n se\303\247 ve sepete ekle" > filepath:"C:\\Users\\testinium\\IdeaProjects\\Yagmur_Ozdilekteyim\\specs\\steps.cpt" lineNumber:44 > > 
30-10-2021 18:28:05.564 [Gauge] [DEBUG] Api Request Received: messageType:GetStepValueRequest messageId:4 stepValueRequest:<> 
30-10-2021 18:28:05.564 [Gauge] [DEBUG] Sending API response: messageType:GetStepValueResponse messageId:4 stepValueResponse:<stepValue:<> > 
30-10-2021 18:28:05.573 [Gauge] [DEBUG] Api Request Received: messageType:GetStepValueRequest messageId:4 stepValueRequest:<> 
30-10-2021 18:28:05.573 [Gauge] [DEBUG] Sending API response: messageType:GetStepValueResponse messageId:4 stepValueResponse:<stepValue:<> > 
30-10-2021 18:28:05.620 [Gauge] [DEBUG] Api Request Received: messageType:GetStepValueRequest messageId:4 stepValueRequest:<> 
30-10-2021 18:28:05.620 [Gauge] [DEBUG] Sending API response: messageType:GetStepValueResponse messageId:4 stepValueResponse:<stepValue:<> > 
30-10-2021 18:28:05.620 [Gauge] [DEBUG] Api Request Received: messageType:GetStepValueRequest messageId:4 stepValueRequest:<> 
30-10-2021 18:28:05.621 [Gauge] [DEBUG] Sending API response: messageType:GetStepValueResponse messageId:4 stepValueResponse:<stepValue:<> > 
30-10-2021 18:28:05.621 [Gauge] [DEBUG] Api Request Received: messageType:GetStepValueRequest messageId:4 stepValueRequest:<> 
30-10-2021 18:28:05.621 [Gauge] [DEBUG] Sending API response: messageType:GetStepValueResponse messageId:4 stepValueResponse:<stepValue:<> > 
30-10-2021 18:28:05.621 [Gauge] [DEBUG] Api Request Received: messageType:GetStepValueRequest messageId:4 stepValueRequest:<> 
30-10-2021 18:28:05.621 [Gauge] [DEBUG] Sending API response: messageType:GetStepValueResponse messageId:4 stepValueResponse:<stepValue:<> > 
30-10-2021 18:28:05.621 [Gauge] [DEBUG] Api Request Received: messageType:GetStepValueRequest messageId:4 stepValueRequest:<> 
30-10-2021 18:28:05.621 [Gauge] [DEBUG] Sending API response: messageType:GetStepValueResponse messageId:4 stepValueResponse:<stepValue:<> > 
30-10-2021 18:28:05.621 [Gauge] [DEBUG] Api Request Received: messageType:GetStepValueRequest messageId:4 stepValueRequest:<> 
30-10-2021 18:28:05.621 [Gauge] [DEBUG] Sending API response: messageType:GetStepValueResponse messageId:4 stepValueResponse:<stepValue:<> > 
30-10-2021 18:28:05.622 [Gauge] [DEBUG] Api Request Received: messageType:GetStepValueRequest messageId:4 stepValueRequest:<> 
30-10-2021 18:28:05.622 [Gauge] [DEBUG] Sending API response: messageType:GetStepValueResponse messageId:4 stepValueResponse:<stepValue:<> > 
30-10-2021 18:28:05.622 [Gauge] [DEBUG] Api Request Received: messageType:GetStepValueRequest messageId:4 stepValueRequest:<> 
30-10-2021 18:28:05.622 [Gauge] [DEBUG] Sending API response: messageType:GetStepValueResponse messageId:4 stepValueResponse:<stepValue:<> > 
30-10-2021 18:28:05.646 [Gauge] [DEBUG] Api Request Received: messageType:GetStepValueRequest messageId:4 stepValueRequest:<> 
30-10-2021 18:28:05.646 [Gauge] [DEBUG] Sending API response: messageType:GetStepValueResponse messageId:4 stepValueResponse:<stepValue:<> > 
30-10-2021 18:28:05.647 [Gauge] [DEBUG] Api Request Received: messageType:GetStepValueRequest messageId:4 stepValueRequest:<> 
30-10-2021 18:28:05.647 [Gauge] [DEBUG] Sending API response: messageType:GetStepValueResponse messageId:4 stepValueResponse:<stepValue:<> > 
30-10-2021 18:28:05.647 [Gauge] [DEBUG] Api Request Received: messageType:GetStepValueRequest messageId:4 stepValueRequest:<> 
30-10-2021 18:28:05.647 [Gauge] [DEBUG] Sending API response: messageType:GetStepValueResponse messageId:4 stepValueResponse:<stepValue:<> > 
30-10-2021 18:28:05.647 [Gauge] [DEBUG] Api Request Received: messageType:GetStepValueRequest messageId:4 stepValueRequest:<> 
30-10-2021 18:28:05.647 [Gauge] [DEBUG] Sending API response: messageType:GetStepValueResponse messageId:4 stepValueResponse:<stepValue:<> > 
30-10-2021 18:28:05.648 [Gauge] [DEBUG] Api Request Received: messageType:GetStepValueRequest messageId:4 stepValueRequest:<> 
30-10-2021 18:28:05.648 [Gauge] [DEBUG] Sending API response: messageType:GetStepValueResponse messageId:4 stepValueResponse:<stepValue:<> > 
30-10-2021 18:28:05.648 [Gauge] [DEBUG] Api Request Received: messageType:GetStepValueRequest messageId:4 stepValueRequest:<> 
30-10-2021 18:28:05.648 [Gauge] [DEBUG] Sending API response: messageType:GetStepValueResponse messageId:4 stepValueResponse:<stepValue:<> > 
30-10-2021 18:28:05.648 [Gauge] [DEBUG] Api Request Received: messageType:GetStepValueRequest messageId:4 stepValueRequest:<> 
30-10-2021 18:28:05.649 [Gauge] [DEBUG] Sending API response: messageType:GetStepValueResponse messageId:4 stepValueResponse:<stepValue:<> > 
30-10-2021 18:28:05.649 [Gauge] [DEBUG] Api Request Received: messageType:GetStepValueRequest messageId:4 stepValueRequest:<> 
30-10-2021 18:28:05.649 [Gauge] [DEBUG] Sending API response: messageType:GetStepValueResponse messageId:4 stepValueResponse:<stepValue:<> > 
30-10-2021 18:28:05.683 [Gauge] [DEBUG] Api Request Received: messageType:GetStepValueRequest messageId:4 stepValueRequest:<stepText:"A" > 
30-10-2021 18:28:05.683 [Gauge] [DEBUG] Sending API response: messageType:GetStepValueResponse messageId:4 stepValueResponse:<stepValue:<stepValue:"A" parameterizedStepValue:"A" > > 
30-10-2021 18:28:05.688 [Gauge] [DEBUG] Api Request Received: messageType:GetAllStepsRequest messageId:2 allStepsRequest:<> 
30-10-2021 18:28:05.689 [Gauge] [DEBUG] Sending API response: messageType:GetAllStepResponse messageId:2 allStepsResponse:<allSteps:<stepValue:"\304\260ki defa geri git" parameterizedStepValue:"\304\260ki defa geri git" > allSteps:<stepValue:"Rastgele bir \303\274r\303\274n se\303\247 ve sepete ekle" parameterizedStepValue:"Rastgele bir \303\274r\303\274n se\303\247 ve sepete ekle" > allSteps:<stepValue:"{} saniye bekle" parameterizedStepValue:"<3> saniye bekle" parameters:"3" > allSteps:<stepValue:"Al\304\261\305\237veri\305\237 Sayfas\304\261 Do\304\237rula" parameterizedStepValue:"Al\304\261\305\237veri\305\237 Sayfas\304\261 Do\304\237rula" > allSteps:<stepValue:"Product detail sayfas\304\261 do\304\237rulama" parameterizedStepValue:"Product detail sayfas\304\261 do\304\237rulama" > allSteps:<stepValue:"Login sayfas\304\261nda i\305\237lemleri yap" parameterizedStepValue:"Login sayfas\304\261nda i\305\237lemleri yap" > allSteps:<stepValue:"A\303\247\304\261l\304\261\305\237 Sayfas\304\261 Kontrol" parameterizedStepValue:"A\303\247\304\261l\304\261\305\237 Sayfas\304\261 Kontrol" > allSteps:<stepValue:"{} xpath'te bulunan sayfada g\303\266r\303\274nen t\303\274m \303\274r\303\274nleri bul ve rastgele bir \303\274r\303\274ne t\304\261kla" parameterizedStepValue:"<//android.widget.ImageView[@resource-id='com.ozdilek.ozdilekteyim:id/imageView']> xpath'te bulunan sayfada g\303\266r\303\274nen t\303\274m \303\274r\303\274nleri bul ve rastgele bir \303\274r\303\274ne t\304\261kla" parameters:"//android.widget.ImageView[@resource-id='com.ozdilek.ozdilekteyim:id/imageView']" > allSteps:<stepValue:"Al\304\261\305\237veri\305\237e Ba\305\237la" parameterizedStepValue:"Al\304\261\305\237veri\305\237e Ba\305\237la" > allSteps:<stepValue:"\304\260ki defa scroll et ve rastgele bir \303\274r\303\274n se\303\247" parameterizedStepValue:"\304\260ki defa scroll et ve rastgele bir \303\274r\303\274n se\303\247" > allSteps:<stepValue:"sayfa boyunca scroll et" parameterizedStepValue:"sayfa boyunca scroll et" > allSteps:<stepValue:"{} \304\260d'li elemente {} de\304\237erini yaz" parameterizedStepValue:"<com.ozdilek.ozdilekteyim:id/etPassword> \304\260d'li elemente <sifre> de\304\237erini yaz" parameters:"com.ozdilek.ozdilekteyim:id/etPassword" parameters:"sifre" > allSteps:<stepValue:"Kad\304\261n kategorisinde pantolon sayfas\304\261na git" parameterizedStepValue:"Kad\304\261n kategorisinde pantolon sayfas\304\261na git" > allSteps:<stepValue:"{} \304\260d'li elemente t\304\261kla" parameterizedStepValue:"<com.ozdilek.ozdilekteyim:id/ivBack> \304\260d'li elemente t\304\261kla" parameters:"com.ozdilek.ozdilekteyim:id/ivBack" > allSteps:<stepValue:"Kategori Sayfas\304\261 Kontrol" parameterizedStepValue:"Kategori Sayfas\304\261 Kontrol" > allSteps:<stepValue:"{} xpath'li elemente t\304\261kla" parameterizedStepValue:"<//android.widget.TextView[@text='Pantolon']> xpath'li elemente t\304\261kla" parameters:"//android.widget.TextView[@text='Pantolon']" > allSteps:<stepValue:"Login page do\304\237rulama" parameterizedStepValue:"Login page do\304\237rulama" > allSteps:<stepValue:"Sepete ekle" parameterizedStepValue:"Sepete ekle" > > 
30-10-2021 18:28:05.690 [Gauge] [DEBUG] Api Request Received: messageType:GetAllConceptsRequest messageId:6 allConceptsRequest:<> 
30-10-2021 18:28:05.691 [Gauge] [DEBUG] Sending API response: messageType:GetAllConceptsResponse messageId:6 allConceptsResponse:<concepts:<stepValue:<stepValue:"Al\304\261\305\237veri\305\237e Ba\305\237la" parameterizedStepValue:"Al\304\261\305\237veri\305\237e Ba\305\237la" > filepath:"C:\\Users\\testinium\\IdeaProjects\\Yagmur_Ozdilekteyim\\specs\\steps.cpt" lineNumber:4 > concepts:<stepValue:<stepValue:"Kad\304\261n kategorisinde pantolon sayfas\304\261na git" parameterizedStepValue:"Kad\304\261n kategorisinde pantolon sayfas\304\261na git" > filepath:"C:\\Users\\testinium\\IdeaProjects\\Yagmur_Ozdilekteyim\\specs\\steps.cpt" lineNumber:14 > concepts:<stepValue:<stepValue:"\304\260ki defa scroll et ve rastgele bir \303\274r\303\274n se\303\247" parameterizedStepValue:"\304\260ki defa scroll et ve rastgele bir \303\274r\303\274n se\303\247" > filepath:"C:\\Users\\testinium\\IdeaProjects\\Yagmur_Ozdilekteyim\\specs\\steps.cpt" lineNumber:20 > concepts:<stepValue:<stepValue:"Login sayfas\304\261nda i\305\237lemleri yap" parameterizedStepValue:"Login sayfas\304\261nda i\305\237lemleri yap" > filepath:"C:\\Users\\testinium\\IdeaProjects\\Yagmur_Ozdilekteyim\\specs\\steps.cpt" lineNumber:30 > concepts:<stepValue:<stepValue:"\304\260ki defa geri git" parameterizedStepValue:"\304\260ki defa geri git" > filepath:"C:\\Users\\testinium\\IdeaProjects\\Yagmur_Ozdilekteyim\\specs\\steps.cpt" lineNumber:38 > concepts:<stepValue:<stepValue:"Rastgele bir \303\274r\303\274n se\303\247 ve sepete ekle" parameterizedStepValue:"Rastgele bir \303\274r\303\274n se\303\247 ve sepete ekle" > filepath:"C:\\Users\\testinium\\IdeaProjects\\Yagmur_Ozdilekteyim\\specs\\steps.cpt" lineNumber:44 > > 
30-10-2021 18:28:05.805 [Gauge] [DEBUG] Api Request Received: messageType:GetStepValueRequest messageId:4 stepValueRequest:<stepText:"A." > 
30-10-2021 18:28:05.805 [Gauge] [DEBUG] Sending API response: messageType:GetStepValueResponse messageId:4 stepValueResponse:<stepValue:<stepValue:"A." parameterizedStepValue:"A." > > 
30-10-2021 18:28:05.811 [Gauge] [DEBUG] Api Request Received: messageType:GetAllStepsRequest messageId:2 allStepsRequest:<> 
30-10-2021 18:28:05.811 [Gauge] [DEBUG] Sending API response: messageType:GetAllStepResponse messageId:2 allStepsResponse:<allSteps:<stepValue:"{} xpath'li elemente t\304\261kla" parameterizedStepValue:"<//android.widget.TextView[@text='Pantolon']> xpath'li elemente t\304\261kla" parameters:"//android.widget.TextView[@text='Pantolon']" > allSteps:<stepValue:"sayfa boyunca scroll et" parameterizedStepValue:"sayfa boyunca scroll et" > allSteps:<stepValue:"Rastgele bir \303\274r\303\274n se\303\247 ve sepete ekle" parameterizedStepValue:"Rastgele bir \303\274r\303\274n se\303\247 ve sepete ekle" > allSteps:<stepValue:"Al\304\261\305\237veri\305\237 Sayfas\304\261 Do\304\237rula" parameterizedStepValue:"Al\304\261\305\237veri\305\237 Sayfas\304\261 Do\304\237rula" > allSteps:<stepValue:"Login page do\304\237rulama" parameterizedStepValue:"Login page do\304\237rulama" > allSteps:<stepValue:"Kad\304\261n kategorisinde pantolon sayfas\304\261na git" parameterizedStepValue:"Kad\304\261n kategorisinde pantolon sayfas\304\261na git" > allSteps:<stepValue:"Login sayfas\304\261nda i\305\237lemleri yap" parameterizedStepValue:"Login sayfas\304\261nda i\305\237lemleri yap" > allSteps:<stepValue:"A\303\247\304\261l\304\261\305\237 Sayfas\304\261 Kontrol" parameterizedStepValue:"A\303\247\304\261l\304\261\305\237 Sayfas\304\261 Kontrol" > allSteps:<stepValue:"{} xpath'te bulunan sayfada g\303\266r\303\274nen t\303\274m \303\274r\303\274nleri bul ve rastgele bir \303\274r\303\274ne t\304\261kla" parameterizedStepValue:"<//android.widget.ImageView[@resource-id='com.ozdilek.ozdilekteyim:id/imageView']> xpath'te bulunan sayfada g\303\266r\303\274nen t\303\274m \303\274r\303\274nleri bul ve rastgele bir \303\274r\303\274ne t\304\261kla" parameters:"//android.widget.ImageView[@resource-id='com.ozdilek.ozdilekteyim:id/imageView']" > allSteps:<stepValue:"Product detail sayfas\304\261 do\304\237rulama" parameterizedStepValue:"Product detail sayfas\304\261 do\304\237rulama" > allSteps:<stepValue:"{} \304\260d'li elemente {} de\304\237erini yaz" parameterizedStepValue:"<com.ozdilek.ozdilekteyim:id/etPassword> \304\260d'li elemente <sifre> de\304\237erini yaz" parameters:"com.ozdilek.ozdilekteyim:id/etPassword" parameters:"sifre" > allSteps:<stepValue:"Sepete ekle" parameterizedStepValue:"Sepete ekle" > allSteps:<stepValue:"{} saniye bekle" parameterizedStepValue:"<3> saniye bekle" parameters:"3" > allSteps:<stepValue:"{} \304\260d'li elemente t\304\261kla" parameterizedStepValue:"<com.ozdilek.ozdilekteyim:id/ivBack> \304\260d'li elemente t\304\261kla" parameters:"com.ozdilek.ozdilekteyim:id/ivBack" > allSteps:<stepValue:"Kategori Sayfas\304\261 Kontrol" parameterizedStepValue:"Kategori Sayfas\304\261 Kontrol" > allSteps:<stepValue:"Al\304\261\305\237veri\305\237e Ba\305\237la" parameterizedStepValue:"Al\304\261\305\237veri\305\237e Ba\305\237la" > allSteps:<stepValue:"\304\260ki defa scroll et ve rastgele bir \303\274r\303\274n se\303\247" parameterizedStepValue:"\304\260ki defa scroll et ve rastgele bir \303\274r\303\274n se\303\247" > allSteps:<stepValue:"\304\260ki defa geri git" parameterizedStepValue:"\304\260ki defa geri git" > > 
30-10-2021 18:28:05.812 [Gauge] [DEBUG] Api Request Received: messageType:GetAllConceptsRequest messageId:6 allConceptsRequest:<> 
30-10-2021 18:28:05.812 [Gauge] [DEBUG] Sending API response: messageType:GetAllConceptsResponse messageId:6 allConceptsResponse:<concepts:<stepValue:<stepValue:"Al\304\261\305\237veri\305\237e Ba\305\237la" parameterizedStepValue:"Al\304\261\305\237veri\305\237e Ba\305\237la" > filepath:"C:\\Users\\testinium\\IdeaProjects\\Yagmur_Ozdilekteyim\\specs\\steps.cpt" lineNumber:4 > concepts:<stepValue:<stepValue:"Kad\304\261n kategorisinde pantolon sayfas\304\261na git" parameterizedStepValue:"Kad\304\261n kategorisinde pantolon sayfas\304\261na git" > filepath:"C:\\Users\\testinium\\IdeaProjects\\Yagmur_Ozdilekteyim\\specs\\steps.cpt" lineNumber:14 > concepts:<stepValue:<stepValue:"\304\260ki defa scroll et ve rastgele bir \303\274r\303\274n se\303\247" parameterizedStepValue:"\304\260ki defa scroll et ve rastgele bir \303\274r\303\274n se\303\247" > filepath:"C:\\Users\\testinium\\IdeaProjects\\Yagmur_Ozdilekteyim\\specs\\steps.cpt" lineNumber:20 > concepts:<stepValue:<stepValue:"Login sayfas\304\261nda i\305\237lemleri yap" parameterizedStepValue:"Login sayfas\304\261nda i\305\237lemleri yap" > filepath:"C:\\Users\\testinium\\IdeaProjects\\Yagmur_Ozdilekteyim\\specs\\steps.cpt" lineNumber:30 > concepts:<stepValue:<stepValue:"\304\260ki defa geri git" parameterizedStepValue:"\304\260ki defa geri git" > filepath:"C:\\Users\\testinium\\IdeaProjects\\Yagmur_Ozdilekteyim\\specs\\steps.cpt" lineNumber:38 > concepts:<stepValue:<stepValue:"Rastgele bir \303\274r\303\274n se\303\247 ve sepete ekle" parameterizedStepValue:"Rastgele bir \303\274r\303\274n se\303\247 ve sepete ekle" > filepath:"C:\\Users\\testinium\\IdeaProjects\\Yagmur_Ozdilekteyim\\specs\\steps.cpt" lineNumber:44 > > 
30-10-2021 18:28:06.373 [Gauge] [DEBUG] Api Request Received: messageType:GetAllStepsRequest messageId:2 allStepsRequest:<> 
30-10-2021 18:28:06.373 [Gauge] [DEBUG] Sending API response: messageType:GetAllStepResponse messageId:2 allStepsResponse:<allSteps:<stepValue:"Product detail sayfas\304\261 do\304\237rulama" parameterizedStepValue:"Product detail sayfas\304\261 do\304\237rulama" > allSteps:<stepValue:"Kad\304\261n kategorisinde pantolon sayfas\304\261na git" parameterizedStepValue:"Kad\304\261n kategorisinde pantolon sayfas\304\261na git" > allSteps:<stepValue:"{} saniye bekle" parameterizedStepValue:"<3> saniye bekle" parameters:"3" > allSteps:<stepValue:"{} \304\260d'li elemente t\304\261kla" parameterizedStepValue:"<com.ozdilek.ozdilekteyim:id/ivBack> \304\260d'li elemente t\304\261kla" parameters:"com.ozdilek.ozdilekteyim:id/ivBack" > allSteps:<stepValue:"Al\304\261\305\237veri\305\237 Sayfas\304\261 Do\304\237rula" parameterizedStepValue:"Al\304\261\305\237veri\305\237 Sayfas\304\261 Do\304\237rula" > allSteps:<stepValue:"{} xpath'te bulunan sayfada g\303\266r\303\274nen t\303\274m \303\274r\303\274nleri bul ve rastgele bir \303\274r\303\274ne t\304\261kla" parameterizedStepValue:"<//android.widget.ImageView[@resource-id='com.ozdilek.ozdilekteyim:id/imageView']> xpath'te bulunan sayfada g\303\266r\303\274nen t\303\274m \303\274r\303\274nleri bul ve rastgele bir \303\274r\303\274ne t\304\261kla" parameters:"//android.widget.ImageView[@resource-id='com.ozdilek.ozdilekteyim:id/imageView']" > allSteps:<stepValue:"Rastgele bir \303\274r\303\274n se\303\247 ve sepete ekle" parameterizedStepValue:"Rastgele bir \303\274r\303\274n se\303\247 ve sepete ekle" > allSteps:<stepValue:"A\303\247\304\261l\304\261\305\237 Sayfas\304\261 Kontrol" parameterizedStepValue:"A\303\247\304\261l\304\261\305\237 Sayfas\304\261 Kontrol" > allSteps:<stepValue:"{} xpath'li elemente t\304\261kla" parameterizedStepValue:"<//android.widget.TextView[@text='Pantolon']> xpath'li elemente t\304\261kla" parameters:"//android.widget.TextView[@text='Pantolon']" > allSteps:<stepValue:"sayfa boyunca scroll et" parameterizedStepValue:"sayfa boyunca scroll et" > allSteps:<stepValue:"Al\304\261\305\237veri\305\237e Ba\305\237la" parameterizedStepValue:"Al\304\261\305\237veri\305\237e Ba\305\237la" > allSteps:<stepValue:"\304\260ki defa scroll et ve rastgele bir \303\274r\303\274n se\303\247" parameterizedStepValue:"\304\260ki defa scroll et ve rastgele bir \303\274r\303\274n se\303\247" > allSteps:<stepValue:"\304\260ki defa geri git" parameterizedStepValue:"\304\260ki defa geri git" > allSteps:<stepValue:"Kategori Sayfas\304\261 Kontrol" parameterizedStepValue:"Kategori Sayfas\304\261 Kontrol" > allSteps:<stepValue:"Sepete ekle" parameterizedStepValue:"Sepete ekle" > allSteps:<stepValue:"Login sayfas\304\261nda i\305\237lemleri yap" parameterizedStepValue:"Login sayfas\304\261nda i\305\237lemleri yap" > allSteps:<stepValue:"Login page do\304\237rulama" parameterizedStepValue:"Login page do\304\237rulama" > allSteps:<stepValue:"{} \304\260d'li elemente {} de\304\237erini yaz" parameterizedStepValue:"<com.ozdilek.ozdilekteyim:id/etPassword> \304\260d'li elemente <sifre> de\304\237erini yaz" parameters:"com.ozdilek.ozdilekteyim:id/etPassword" parameters:"sifre" > > 
30-10-2021 18:28:06.374 [Gauge] [DEBUG] Api Request Received: messageType:GetAllConceptsRequest messageId:6 allConceptsRequest:<> 
30-10-2021 18:28:06.375 [Gauge] [DEBUG] Sending API response: messageType:GetAllConceptsResponse messageId:6 allConceptsResponse:<concepts:<stepValue:<stepValue:"Al\304\261\305\237veri\305\237e Ba\305\237la" parameterizedStepValue:"Al\304\261\305\237veri\305\237e Ba\305\237la" > filepath:"C:\\Users\\testinium\\IdeaProjects\\Yagmur_Ozdilekteyim\\specs\\steps.cpt" lineNumber:4 > concepts:<stepValue:<stepValue:"Kad\304\261n kategorisinde pantolon sayfas\304\261na git" parameterizedStepValue:"Kad\304\261n kategorisinde pantolon sayfas\304\261na git" > filepath:"C:\\Users\\testinium\\IdeaProjects\\Yagmur_Ozdilekteyim\\specs\\steps.cpt" lineNumber:14 > concepts:<stepValue:<stepValue:"\304\260ki defa scroll et ve rastgele bir \303\274r\303\274n se\303\247" parameterizedStepValue:"\304\260ki defa scroll et ve rastgele bir \303\274r\303\274n se\303\247" > filepath:"C:\\Users\\testinium\\IdeaProjects\\Yagmur_Ozdilekteyim\\specs\\steps.cpt" lineNumber:20 > concepts:<stepValue:<stepValue:"Login sayfas\304\261nda i\305\237lemleri yap" parameterizedStepValue:"Login sayfas\304\261nda i\305\237lemleri yap" > filepath:"C:\\Users\\testinium\\IdeaProjects\\Yagmur_Ozdilekteyim\\specs\\steps.cpt" lineNumber:30 > concepts:<stepValue:<stepValue:"\304\260ki defa geri git" parameterizedStepValue:"\304\260ki defa geri git" > filepath:"C:\\Users\\testinium\\IdeaProjects\\Yagmur_Ozdilekteyim\\specs\\steps.cpt" lineNumber:38 > concepts:<stepValue:<stepValue:"Rastgele bir \303\274r\303\274n se\303\247 ve sepete ekle" parameterizedStepValue:"Rastgele bir \303\274r\303\274n se\303\247 ve sepete ekle" > filepath:"C:\\Users\\testinium\\IdeaProjects\\Yagmur_Ozdilekteyim\\specs\\steps.cpt" lineNumber:44 > > 
30-10-2021 18:28:06.738 [Gauge] [DEBUG] Api Request Received: messageType:GetStepValueRequest messageId:4 stepValueRequest:<stepText:"Ac" > 
30-10-2021 18:28:06.738 [Gauge] [DEBUG] Sending API response: messageType:GetStepValueResponse messageId:4 stepValueResponse:<stepValue:<stepValue:"Ac" parameterizedStepValue:"Ac" > > 
30-10-2021 18:28:13.407 [Gauge] [DEBUG] Api Request Received: messageType:GetStepValueRequest messageId:4 stepValueRequest:<stepText:"A\303\247" > 
30-10-2021 18:28:13.407 [Gauge] [DEBUG] Sending API response: messageType:GetStepValueResponse messageId:4 stepValueResponse:<stepValue:<stepValue:"A\303\247" parameterizedStepValue:"A\303\247" > > 
30-10-2021 18:28:13.415 [Gauge] [DEBUG] Api Request Received: messageType:GetAllStepsRequest messageId:2 allStepsRequest:<> 
30-10-2021 18:28:13.416 [Gauge] [DEBUG] Sending API response: messageType:GetAllStepResponse messageId:2 allStepsResponse:<allSteps:<stepValue:"\304\260ki defa scroll et ve rastgele bir \303\274r\303\274n se\303\247" parameterizedStepValue:"\304\260ki defa scroll et ve rastgele bir \303\274r\303\274n se\303\247" > allSteps:<stepValue:"{} saniye bekle" parameterizedStepValue:"<3> saniye bekle" parameters:"3" > allSteps:<stepValue:"{} \304\260d'li elemente t\304\261kla" parameterizedStepValue:"<com.ozdilek.ozdilekteyim:id/ivBack> \304\260d'li elemente t\304\261kla" parameters:"com.ozdilek.ozdilekteyim:id/ivBack" > allSteps:<stepValue:"Kategori Sayfas\304\261 Kontrol" parameterizedStepValue:"Kategori Sayfas\304\261 Kontrol" > allSteps:<stepValue:"Login page do\304\237rulama" parameterizedStepValue:"Login page do\304\237rulama" > allSteps:<stepValue:"Al\304\261\305\237veri\305\237e Ba\305\237la" parameterizedStepValue:"Al\304\261\305\237veri\305\237e Ba\305\237la" > allSteps:<stepValue:"Kad\304\261n kategorisinde pantolon sayfas\304\261na git" parameterizedStepValue:"Kad\304\261n kategorisinde pantolon sayfas\304\261na git" > allSteps:<stepValue:"Login sayfas\304\261nda i\305\237lemleri yap" parameterizedStepValue:"Login sayfas\304\261nda i\305\237lemleri yap" > allSteps:<stepValue:"A\303\247\304\261l\304\261\305\237 Sayfas\304\261 Kontrol" parameterizedStepValue:"A\303\247\304\261l\304\261\305\237 Sayfas\304\261 Kontrol" > allSteps:<stepValue:"sayfa boyunca scroll et" parameterizedStepValue:"sayfa boyunca scroll et" > allSteps:<stepValue:"{} xpath'te bulunan sayfada g\303\266r\303\274nen t\303\274m \303\274r\303\274nleri bul ve rastgele bir \303\274r\303\274ne t\304\261kla" parameterizedStepValue:"<//android.widget.ImageView[@resource-id='com.ozdilek.ozdilekteyim:id/imageView']> xpath'te bulunan sayfada g\303\266r\303\274nen t\303\274m \303\274r\303\274nleri bul ve rastgele bir \303\274r\303\274ne t\304\261kla" parameters:"//android.widget.ImageView[@resource-id='com.ozdilek.ozdilekteyim:id/imageView']" > allSteps:<stepValue:"\304\260ki defa geri git" parameterizedStepValue:"\304\260ki defa geri git" > allSteps:<stepValue:"Al\304\261\305\237veri\305\237 Sayfas\304\261 Do\304\237rula" parameterizedStepValue:"Al\304\261\305\237veri\305\237 Sayfas\304\261 Do\304\237rula" > allSteps:<stepValue:"Sepete ekle" parameterizedStepValue:"Sepete ekle" > allSteps:<stepValue:"Rastgele bir \303\274r\303\274n se\303\247 ve sepete ekle" parameterizedStepValue:"Rastgele bir \303\274r\303\274n se\303\247 ve sepete ekle" > allSteps:<stepValue:"{} xpath'li elemente t\304\261kla" parameterizedStepValue:"<//android.widget.TextView[@text='Pantolon']> xpath'li elemente t\304\261kla" parameters:"//android.widget.TextView[@text='Pantolon']" > allSteps:<stepValue:"Product detail sayfas\304\261 do\304\237rulama" parameterizedStepValue:"Product detail sayfas\304\261 do\304\237rulama" > allSteps:<stepValue:"{} \304\260d'li elemente {} de\304\237erini yaz" parameterizedStepValue:"<com.ozdilek.ozdilekteyim:id/etPassword> \304\260d'li elemente <sifre> de\304\237erini yaz" parameters:"com.ozdilek.ozdilekteyim:id/etPassword" parameters:"sifre" > > 
30-10-2021 18:28:13.417 [Gauge] [DEBUG] Api Request Received: messageType:GetAllConceptsRequest messageId:6 allConceptsRequest:<> 
30-10-2021 18:28:13.417 [Gauge] [DEBUG] Sending API response: messageType:GetAllConceptsResponse messageId:6 allConceptsResponse:<concepts:<stepValue:<stepValue:"Al\304\261\305\237veri\305\237e Ba\305\237la" parameterizedStepValue:"Al\304\261\305\237veri\305\237e Ba\305\237la" > filepath:"C:\\Users\\testinium\\IdeaProjects\\Yagmur_Ozdilekteyim\\specs\\steps.cpt" lineNumber:4 > concepts:<stepValue:<stepValue:"Kad\304\261n kategorisinde pantolon sayfas\304\261na git" parameterizedStepValue:"Kad\304\261n kategorisinde pantolon sayfas\304\261na git" > filepath:"C:\\Users\\testinium\\IdeaProjects\\Yagmur_Ozdilekteyim\\specs\\steps.cpt" lineNumber:14 > concepts:<stepValue:<stepValue:"\304\260ki defa scroll et ve rastgele bir \303\274r\303\274n se\303\247" parameterizedStepValue:"\304\260ki defa scroll et ve rastgele bir \303\274r\303\274n se\303\247" > filepath:"C:\\Users\\testinium\\IdeaProjects\\Yagmur_Ozdilekteyim\\specs\\steps.cpt" lineNumber:20 > concepts:<stepValue:<stepValue:"Login sayfas\304\261nda i\305\237lemleri yap" parameterizedStepValue:"Login sayfas\304\261nda i\305\237lemleri yap" > filepath:"C:\\Users\\testinium\\IdeaProjects\\Yagmur_Ozdilekteyim\\specs\\steps.cpt" lineNumber:30 > concepts:<stepValue:<stepValue:"\304\260ki defa geri git" parameterizedStepValue:"\304\260ki defa geri git" > filepath:"C:\\Users\\testinium\\IdeaProjects\\Yagmur_Ozdilekteyim\\specs\\steps.cpt" lineNumber:38 > concepts:<stepValue:<stepValue:"Rastgele bir \303\274r\303\274n se\303\247 ve sepete ekle" parameterizedStepValue:"Rastgele bir \303\274r\303\274n se\303\247 ve sepete ekle" > filepath:"C:\\Users\\testinium\\IdeaProjects\\Yagmur_Ozdilekteyim\\specs\\steps.cpt" lineNumber:44 > > 
